[0.042s] Invoking command in '/home/ugrp2025/cam_ws/build/yolo_msgs': /usr/bin/cmake /home/ugrp2025/cam_ws/src/yolo_ros/yolo_msgs -DUSE_LIFECYCLE_NODE=ON -DCMAKE_INSTALL_PREFIX=/home/ugrp2025/cam_ws/install/yolo_msgs
[0.598s] -- The C compiler identification is GNU 9.4.0
[0.955s] -- The CXX compiler identification is GNU 9.4.0
[0.965s] -- Check for working C compiler: /usr/bin/cc
[1.201s] -- Check for working C compiler: /usr/bin/cc -- works
[1.203s] -- Detecting C compiler ABI info
[1.447s] -- Detecting C compiler ABI info - done
[1.482s] -- Detecting C compile features
[1.482s] -- Detecting C compile features - done
[1.488s] -- Check for working CXX compiler: /usr/bin/c++
[1.743s] -- Check for working CXX compiler: /usr/bin/c++ -- works
[1.746s] -- Detecting CXX compiler ABI info
[2.006s] -- Detecting CXX compiler ABI info - done
[2.042s] -- Detecting CXX compile features
[2.043s] -- Detecting CXX compile features - done
[2.070s] CMake Error at CMakeLists.txt:5 (find_package):
[2.070s]   By not providing "Findament_cmake.cmake" in CMAKE_MODULE_PATH this project
[2.070s]   has asked CMake to find a package configuration file provided by
[2.070s]   "ament_cmake", but CMake did not find one.
[2.070s] 
[2.071s]   Could not find a package configuration file provided by "ament_cmake" with
[2.071s]   any of the following names:
[2.071s] 
[2.071s]     ament_cmakeConfig.cmake
[2.071s]     ament_cmake-config.cmake
[2.071s] 
[2.071s]   Add the installation prefix of "ament_cmake" to CMAKE_PREFIX_PATH or set
[2.071s]   "ament_cmake_DIR" to a directory containing one of the above files.  If
[2.071s]   "ament_cmake" provides a separate development package or SDK, be sure it
[2.072s]   has been installed.
[2.072s] 
[2.072s] 
[2.072s] -- Configuring incomplete, errors occurred!
[2.072s] See also "/home/ugrp2025/cam_ws/build/yolo_msgs/CMakeFiles/CMakeOutput.log".
[2.243s] Invoked command in '/home/ugrp2025/cam_ws/build/yolo_msgs' returned '1': /usr/bin/cmake /home/ugrp2025/cam_ws/src/yolo_ros/yolo_msgs -DUSE_LIFECYCLE_NODE=ON -DCMAKE_INSTALL_PREFIX=/home/ugrp2025/cam_ws/install/yolo_msgs
