[0.120s] Invoking command in '/home/ugrp2025/cam_ws/build/realsense2_camera': AMENT_PREFIX_PATH=/home/ugrp2025/cam_ws/install/realsense2_camera_msgs:${AMENT_PREFIX_PATH} CMAKE_PREFIX_PATH=/home/ugrp2025/cam_ws/install/realsense2_camera_msgs:/opt/ros/foxy LD_LIBRARY_PATH=/home/ugrp2025/cam_ws/install/realsense2_camera_msgs/lib:${LD_LIBRARY_PATH} PYTHONPATH=/home/ugrp2025/cam_ws/install/realsense2_camera_msgs/lib/python3.8/site-packages:${PYTHONPATH} /usr/bin/cmake /home/ugrp2025/cam_ws/src/realsense-ros/realsense2_camera -DUSE_LIFECYCLE_NODE=ON -DCMAKE_INSTALL_PREFIX=/home/ugrp2025/cam_ws/install/realsense2_camera
[0.694s] -- The C compiler identification is GNU 9.4.0
[0.955s] -- The CXX compiler identification is GNU 9.4.0
[0.983s] -- Check for working C compiler: /usr/bin/cc
[1.252s] -- Check for working C compiler: /usr/bin/cc -- works
[1.254s] -- Detecting C compiler ABI info
[1.511s] -- Detecting C compiler ABI info - done
[1.543s] -- Detecting C compile features
[1.544s] -- Detecting C compile features - done
[1.549s] -- Check for working CXX compiler: /usr/bin/c++
[1.811s] -- Check for working CXX compiler: /usr/bin/c++ -- works
[1.813s] -- Detecting CXX compiler ABI info
[2.083s] -- Detecting CXX compiler ABI info - done
[2.106s] -- Detecting CXX compile features
[2.107s] -- Detecting CXX compile features - done
[2.107s] -- Create Release Build.
[2.109s] -- Found ament_cmake: 0.9.12 (/opt/ros/foxy/share/ament_cmake/cmake)
[2.276s] -- Found PythonInterp: /home/ugrp2025/.pyenv/shims/python3 (found suitable version "3.8.10", minimum required is "3") 
[2.276s] -- Using PYTHON_EXECUTABLE: /home/ugrp2025/.pyenv/shims/python3
[2.885s] -- Found builtin_interfaces: 1.0.0 (/opt/ros/foxy/share/builtin_interfaces/cmake)
[2.944s] -- Using all available rosidl_typesupport_c: rosidl_typesupport_fastrtps_c;rosidl_typesupport_introspection_c
[2.957s] -- Found rosidl_adapter: 1.3.1 (/opt/ros/foxy/share/rosidl_adapter/cmake)
[3.178s] -- Found OpenSSL: /usr/lib/aarch64-linux-gnu/libcrypto.so (found version "1.1.1f")  
[3.294s] -- Found FastRTPS: /opt/ros/foxy/include  
[3.467s] -- Using all available rosidl_typesupport_cpp: rosidl_typesupport_fastrtps_cpp;rosidl_typesupport_introspection_cpp
[3.603s] -- Found cv_bridge: 3.0.7 (/opt/ros/foxy/share/cv_bridge/cmake)
[3.948s] -- Found image_transport: 2.4.0 (/opt/ros/foxy/share/image_transport/cmake)
[4.097s] -- Found rmw_implementation_cmake: 1.0.4 (/opt/ros/foxy/share/rmw_implementation_cmake/cmake)
[4.099s] -- Using RMW implementation 'rmw_fastrtps_cpp' as default
[4.101s] -- Looking for pthread.h
[4.305s] -- Looking for pthread.h - found
[4.305s] -- Performing Test CMAKE_HAVE_LIBC_PTHREAD
[4.577s] -- Performing Test CMAKE_HAVE_LIBC_PTHREAD - Failed
[4.577s] -- Looking for pthread_create in pthreads
[4.949s] -- Looking for pthread_create in pthreads - not found
[4.949s] -- Looking for pthread_create in pthread
[5.191s] -- Looking for pthread_create in pthread - found
[5.194s] -- Found Threads: TRUE  
[5.998s] -- Found rclcpp_components: 2.4.3 (/opt/ros/foxy/share/rclcpp_components/cmake)
[6.090s] -- Found realsense2_camera_msgs: 4.55.1 (/home/ugrp2025/cam_ws/install/realsense2_camera_msgs/share/realsense2_camera_msgs/cmake)
[6.304s] -- Found nav_msgs: 2.0.5 (/opt/ros/foxy/share/nav_msgs/cmake)
[6.435s] -- Found tf2_ros: 0.13.14 (/opt/ros/foxy/share/tf2_ros/cmake)
[7.106s] -- Found diagnostic_updater: 3.1.2 (/opt/ros/foxy/share/diagnostic_updater/cmake)
[7.404s] -- Found OpenCV: /usr (found version "4.5.4") found components: core 
[7.598s] -- Build for ROS2 Foxy
[7.791s] -- Found ament_cmake_gtest: 0.9.12 (/opt/ros/foxy/share/ament_cmake_gtest/cmake)
[7.799s] -- Found gtest sources under '/opt/ros/foxy/src/gtest_vendor': C++ tests using 'Google Test' will be built
[7.815s] -- Check if compiler accepts -pthread
[8.228s] -- Check if compiler accepts -pthread - yes
[8.240s] -- Found ament_cmake_pytest: 0.9.12 (/opt/ros/foxy/share/ament_cmake_pytest/cmake)
[22.733s] -- rs_device_info:
[22.881s] -- No device detected. Is it plugged in?
[22.882s] 
[23.271s] -- Configuring done
[23.500s] -- Generating done
[23.504s] CMake Warning:
[23.504s]   Manually-specified variables were not used by the project:
[23.504s] 
[23.505s]     USE_LIFECYCLE_NODE
[23.505s] 
[23.505s] 
[23.537s] -- Build files have been written to: /home/ugrp2025/cam_ws/build/realsense2_camera
[23.585s] Invoked command in '/home/ugrp2025/cam_ws/build/realsense2_camera' returned '0': AMENT_PREFIX_PATH=/home/ugrp2025/cam_ws/install/realsense2_camera_msgs:${AMENT_PREFIX_PATH} CMAKE_PREFIX_PATH=/home/ugrp2025/cam_ws/install/realsense2_camera_msgs:/opt/ros/foxy LD_LIBRARY_PATH=/home/ugrp2025/cam_ws/install/realsense2_camera_msgs/lib:${LD_LIBRARY_PATH} PYTHONPATH=/home/ugrp2025/cam_ws/install/realsense2_camera_msgs/lib/python3.8/site-packages:${PYTHONPATH} /usr/bin/cmake /home/ugrp2025/cam_ws/src/realsense-ros/realsense2_camera -DUSE_LIFECYCLE_NODE=ON -DCMAKE_INSTALL_PREFIX=/home/ugrp2025/cam_ws/install/realsense2_camera
[23.596s] Invoking command in '/home/ugrp2025/cam_ws/build/realsense2_camera': AMENT_PREFIX_PATH=/home/ugrp2025/cam_ws/install/realsense2_camera_msgs:${AMENT_PREFIX_PATH} CMAKE_PREFIX_PATH=/home/ugrp2025/cam_ws/install/realsense2_camera_msgs:/opt/ros/foxy LD_LIBRARY_PATH=/home/ugrp2025/cam_ws/install/realsense2_camera_msgs/lib:${LD_LIBRARY_PATH} PYTHONPATH=/home/ugrp2025/cam_ws/install/realsense2_camera_msgs/lib/python3.8/site-packages:${PYTHONPATH} /usr/bin/cmake --build /home/ugrp2025/cam_ws/build/realsense2_camera -- -j6 -l6
[23.702s] [35m[1mScanning dependencies of target realsense2_camera_node[0m
[23.703s] [35m[1mScanning dependencies of target gtest[0m
[23.703s] [35m[1mScanning dependencies of target realsense2_camera[0m
[23.703s] [35m[1mScanning dependencies of target gtest_main[0m
[23.975s] [  9%] [32mBuilding CXX object gtest/CMakeFiles/gtest_main.dir/src/gtest_main.cc.o[0m
[23.976s] [  9%] [32mBuilding CXX object gtest/CMakeFiles/gtest.dir/src/gtest-all.cc.o[0m
[24.011s] [ 13%] [32mBuilding CXX object CMakeFiles/realsense2_camera_node.dir/rclcpp_components/node_main_realsense2_camera_node.cpp.o[0m
[24.328s] [ 18%] [32mBuilding CXX object CMakeFiles/realsense2_camera.dir/src/base_realsense_node.cpp.o[0m
[24.335s] [ 22%] [32mBuilding CXX object CMakeFiles/realsense2_camera.dir/src/realsense_node_factory.cpp.o[0m
[24.346s] [ 27%] [32mBuilding CXX object CMakeFiles/realsense2_camera.dir/src/parameters.cpp.o[0m
[26.134s] [ 31%] [32m[1mLinking CXX static library libgtest_main.a[0m
[26.410s] [ 31%] Built target gtest_main
[26.487s] [ 36%] [32mBuilding CXX object CMakeFiles/realsense2_camera.dir/src/rs_node_setup.cpp.o[0m
[32.802s] [ 40%] [32m[1mLinking CXX executable realsense2_camera_node[0m
[33.486s] [ 40%] Built target realsense2_camera_node
[33.561s] [ 45%] [32mBuilding CXX object CMakeFiles/realsense2_camera.dir/src/ros_sensor.cpp.o[0m
[44.677s] [ 50%] [32mBuilding CXX object CMakeFiles/realsense2_camera.dir/src/ros_utils.cpp.o[0m
[49.437s] [ 54%] [32m[1mLinking CXX static library libgtest.a[0m
[49.956s] [ 54%] Built target gtest
[50.147s] [35m[1mScanning dependencies of target gtest_template[0m
[50.285s] [ 59%] [32mBuilding CXX object CMakeFiles/gtest_template.dir/test/gtest_template.cpp.o[0m
[53.533s] [ 63%] [32m[1mLinking CXX executable gtest_template[0m
[54.680s] [ 68%] [32mBuilding CXX object CMakeFiles/realsense2_camera.dir/src/dynamic_params.cpp.o[0m
[54.950s] [ 68%] Built target gtest_template
[55.046s] [ 72%] [32mBuilding CXX object CMakeFiles/realsense2_camera.dir/src/sensor_params.cpp.o[0m
[55.111s] [ 77%] [32mBuilding CXX object CMakeFiles/realsense2_camera.dir/src/named_filter.cpp.o[0m
[57.143s] [ 81%] [32mBuilding CXX object CMakeFiles/realsense2_camera.dir/src/profile_manager.cpp.o[0m
[71.235s] [ 86%] [32mBuilding CXX object CMakeFiles/realsense2_camera.dir/src/ros_param_backend.cpp.o[0m
[71.440s] [ 90%] [32mBuilding CXX object CMakeFiles/realsense2_camera.dir/src/tfs.cpp.o[0m
[74.800s] [ 95%] [32mBuilding CXX object CMakeFiles/realsense2_camera.dir/src/image_publisher.cpp.o[0m
[92.613s] [100%] [32m[1mLinking CXX shared library librealsense2_camera.so[0m
[97.912s] [100%] Built target realsense2_camera
[98.211s] Invoked command in '/home/ugrp2025/cam_ws/build/realsense2_camera' returned '0': AMENT_PREFIX_PATH=/home/ugrp2025/cam_ws/install/realsense2_camera_msgs:${AMENT_PREFIX_PATH} CMAKE_PREFIX_PATH=/home/ugrp2025/cam_ws/install/realsense2_camera_msgs:/opt/ros/foxy LD_LIBRARY_PATH=/home/ugrp2025/cam_ws/install/realsense2_camera_msgs/lib:${LD_LIBRARY_PATH} PYTHONPATH=/home/ugrp2025/cam_ws/install/realsense2_camera_msgs/lib/python3.8/site-packages:${PYTHONPATH} /usr/bin/cmake --build /home/ugrp2025/cam_ws/build/realsense2_camera -- -j6 -l6
[98.225s] Invoking command in '/home/ugrp2025/cam_ws/build/realsense2_camera': AMENT_PREFIX_PATH=/home/ugrp2025/cam_ws/install/realsense2_camera_msgs:${AMENT_PREFIX_PATH} CMAKE_PREFIX_PATH=/home/ugrp2025/cam_ws/install/realsense2_camera_msgs:/opt/ros/foxy LD_LIBRARY_PATH=/home/ugrp2025/cam_ws/install/realsense2_camera_msgs/lib:${LD_LIBRARY_PATH} PYTHONPATH=/home/ugrp2025/cam_ws/install/realsense2_camera_msgs/lib/python3.8/site-packages:${PYTHONPATH} /usr/bin/cmake --install /home/ugrp2025/cam_ws/build/realsense2_camera
[98.408s] -- Install configuration: "Release"
[98.408s] -- Installing: /home/ugrp2025/cam_ws/install/realsense2_camera/lib/realsense2_camera/realsense2_camera_node
[98.409s] -- Set runtime path of "/home/ugrp2025/cam_ws/install/realsense2_camera/lib/realsense2_camera/realsense2_camera_node" to ""
[98.410s] -- Installing: /home/ugrp2025/cam_ws/install/realsense2_camera/lib/librealsense2_camera.so
[98.416s] -- Set runtime path of "/home/ugrp2025/cam_ws/install/realsense2_camera/lib/librealsense2_camera.so" to ""
[98.416s] -- Installing: /home/ugrp2025/cam_ws/install/realsense2_camera/include
[98.417s] -- Installing: /home/ugrp2025/cam_ws/install/realsense2_camera/include/ros_sensor.h
[98.417s] -- Installing: /home/ugrp2025/cam_ws/install/realsense2_camera/include/constants.h
[98.417s] -- Installing: /home/ugrp2025/cam_ws/install/realsense2_camera/include/ros_param_backend.h
[98.418s] -- Installing: /home/ugrp2025/cam_ws/install/realsense2_camera/include/ros_utils.h
[98.418s] -- Installing: /home/ugrp2025/cam_ws/install/realsense2_camera/include/dynamic_params.h
[98.418s] -- Installing: /home/ugrp2025/cam_ws/install/realsense2_camera/include/profile_manager.h
[98.418s] -- Installing: /home/ugrp2025/cam_ws/install/realsense2_camera/include/gl_window.h
[98.419s] -- Installing: /home/ugrp2025/cam_ws/install/realsense2_camera/include/named_filter.h
[98.419s] -- Installing: /home/ugrp2025/cam_ws/install/realsense2_camera/include/realsense_node_factory.h
[98.419s] -- Installing: /home/ugrp2025/cam_ws/install/realsense2_camera/include/base_realsense_node.h
[98.420s] -- Installing: /home/ugrp2025/cam_ws/install/realsense2_camera/include/sensor_params.h
[98.420s] -- Installing: /home/ugrp2025/cam_ws/install/realsense2_camera/include/image_publisher.h
[98.420s] -- Installing: /home/ugrp2025/cam_ws/install/realsense2_camera/share/realsense2_camera/launch
[98.420s] -- Installing: /home/ugrp2025/cam_ws/install/realsense2_camera/share/realsense2_camera/launch/rs_multi_camera_launch.py
[98.421s] -- Installing: /home/ugrp2025/cam_ws/install/realsense2_camera/share/realsense2_camera/launch/rs_launch.py
[98.422s] -- Installing: /home/ugrp2025/cam_ws/install/realsense2_camera/share/realsense2_camera/launch/default.rviz
[98.422s] -- Installing: /home/ugrp2025/cam_ws/install/realsense2_camera/share/realsense2_camera/launch/rs_intra_process_demo_launch.py
[98.423s] -- Installing: /home/ugrp2025/cam_ws/install/realsense2_camera/share/realsense2_camera/examples
[98.423s] -- Installing: /home/ugrp2025/cam_ws/install/realsense2_camera/share/realsense2_camera/examples/launch_from_rosbag
[98.424s] -- Installing: /home/ugrp2025/cam_ws/install/realsense2_camera/share/realsense2_camera/examples/launch_from_rosbag/README.md
[98.425s] -- Installing: /home/ugrp2025/cam_ws/install/realsense2_camera/share/realsense2_camera/examples/launch_from_rosbag/rs_launch_from_rosbag.py
[98.426s] -- Installing: /home/ugrp2025/cam_ws/install/realsense2_camera/share/realsense2_camera/examples/dual_camera
[98.426s] -- Installing: /home/ugrp2025/cam_ws/install/realsense2_camera/share/realsense2_camera/examples/dual_camera/rs_dual_camera_launch.py
[98.427s] -- Installing: /home/ugrp2025/cam_ws/install/realsense2_camera/share/realsense2_camera/examples/dual_camera/README.md
[98.427s] -- Installing: /home/ugrp2025/cam_ws/install/realsense2_camera/share/realsense2_camera/examples/dual_camera/rviz
[98.427s] -- Installing: /home/ugrp2025/cam_ws/install/realsense2_camera/share/realsense2_camera/examples/dual_camera/rviz/dual_camera_pointcloud.rviz
[98.428s] -- Installing: /home/ugrp2025/cam_ws/install/realsense2_camera/share/realsense2_camera/examples/launch_params_from_file
[98.429s] -- Installing: /home/ugrp2025/cam_ws/install/realsense2_camera/share/realsense2_camera/examples/launch_params_from_file/rs_launch_get_params_from_yaml.py
[98.430s] -- Installing: /home/ugrp2025/cam_ws/install/realsense2_camera/share/realsense2_camera/examples/launch_params_from_file/config
[98.430s] -- Installing: /home/ugrp2025/cam_ws/install/realsense2_camera/share/realsense2_camera/examples/launch_params_from_file/config/config.yaml
[98.430s] -- Installing: /home/ugrp2025/cam_ws/install/realsense2_camera/share/realsense2_camera/examples/launch_params_from_file/README.md
[98.431s] -- Installing: /home/ugrp2025/cam_ws/install/realsense2_camera/share/realsense2_camera/examples/pointcloud
[98.431s] -- Installing: /home/ugrp2025/cam_ws/install/realsense2_camera/share/realsense2_camera/examples/pointcloud/rs_d455_pointcloud_launch.py
[98.432s] -- Installing: /home/ugrp2025/cam_ws/install/realsense2_camera/share/realsense2_camera/examples/pointcloud/rs_pointcloud_launch.py
[98.432s] -- Installing: /home/ugrp2025/cam_ws/install/realsense2_camera/share/realsense2_camera/examples/pointcloud/rs_d405_pointcloud_launch.py
[98.433s] -- Installing: /home/ugrp2025/cam_ws/install/realsense2_camera/share/realsense2_camera/examples/pointcloud/README.md
[98.433s] -- Installing: /home/ugrp2025/cam_ws/install/realsense2_camera/share/realsense2_camera/examples/pointcloud/rviz
[98.434s] -- Installing: /home/ugrp2025/cam_ws/install/realsense2_camera/share/realsense2_camera/examples/pointcloud/rviz/pointcloud.rviz
[98.434s] -- Installing: /home/ugrp2025/cam_ws/install/realsense2_camera/share/realsense2_camera/examples/pointcloud/rviz/urdf_pointcloud.rviz
[98.435s] -- Installing: /home/ugrp2025/cam_ws/install/realsense2_camera/share/realsense2_camera/examples/align_depth
[98.436s] -- Installing: /home/ugrp2025/cam_ws/install/realsense2_camera/share/realsense2_camera/examples/align_depth/rs_align_depth_launch.py
[98.436s] -- Installing: /home/ugrp2025/cam_ws/install/realsense2_camera/share/realsense2_camera/examples/align_depth/README.md
[98.446s] -- Installing: /home/ugrp2025/cam_ws/install/realsense2_camera/share/realsense2_camera/environment/library_path.sh
[98.447s] -- Installing: /home/ugrp2025/cam_ws/install/realsense2_camera/share/realsense2_camera/environment/library_path.dsv
[98.448s] -- Installing: /home/ugrp2025/cam_ws/install/realsense2_camera/share/ament_index/resource_index/package_run_dependencies/realsense2_camera
[98.448s] -- Installing: /home/ugrp2025/cam_ws/install/realsense2_camera/share/ament_index/resource_index/parent_prefix_path/realsense2_camera
[98.461s] -- Installing: /home/ugrp2025/cam_ws/install/realsense2_camera/share/realsense2_camera/environment/ament_prefix_path.sh
[98.461s] -- Installing: /home/ugrp2025/cam_ws/install/realsense2_camera/share/realsense2_camera/environment/ament_prefix_path.dsv
[98.462s] -- Installing: /home/ugrp2025/cam_ws/install/realsense2_camera/share/realsense2_camera/environment/path.sh
[98.463s] -- Installing: /home/ugrp2025/cam_ws/install/realsense2_camera/share/realsense2_camera/environment/path.dsv
[98.463s] -- Installing: /home/ugrp2025/cam_ws/install/realsense2_camera/share/realsense2_camera/local_setup.bash
[98.464s] -- Installing: /home/ugrp2025/cam_ws/install/realsense2_camera/share/realsense2_camera/local_setup.sh
[98.465s] -- Installing: /home/ugrp2025/cam_ws/install/realsense2_camera/share/realsense2_camera/local_setup.zsh
[98.465s] -- Installing: /home/ugrp2025/cam_ws/install/realsense2_camera/share/realsense2_camera/local_setup.dsv
[98.466s] -- Installing: /home/ugrp2025/cam_ws/install/realsense2_camera/share/realsense2_camera/package.dsv
[98.467s] -- Installing: /home/ugrp2025/cam_ws/install/realsense2_camera/share/ament_index/resource_index/packages/realsense2_camera
[98.467s] -- Installing: /home/ugrp2025/cam_ws/install/realsense2_camera/share/ament_index/resource_index/rclcpp_components/realsense2_camera
[98.468s] -- Installing: /home/ugrp2025/cam_ws/install/realsense2_camera/share/realsense2_camera/cmake/ament_cmake_export_include_directories-extras.cmake
[98.468s] -- Installing: /home/ugrp2025/cam_ws/install/realsense2_camera/share/realsense2_camera/cmake/ament_cmake_export_libraries-extras.cmake
[98.469s] -- Installing: /home/ugrp2025/cam_ws/install/realsense2_camera/share/realsense2_camera/cmake/ament_cmake_export_dependencies-extras.cmake
[98.470s] -- Installing: /home/ugrp2025/cam_ws/install/realsense2_camera/share/realsense2_camera/cmake/realsense2_cameraConfig.cmake
[98.471s] -- Installing: /home/ugrp2025/cam_ws/install/realsense2_camera/share/realsense2_camera/cmake/realsense2_cameraConfig-version.cmake
[98.471s] -- Installing: /home/ugrp2025/cam_ws/install/realsense2_camera/share/realsense2_camera/package.xml
[98.481s] Invoked command in '/home/ugrp2025/cam_ws/build/realsense2_camera' returned '0': AMENT_PREFIX_PATH=/home/ugrp2025/cam_ws/install/realsense2_camera_msgs:${AMENT_PREFIX_PATH} CMAKE_PREFIX_PATH=/home/ugrp2025/cam_ws/install/realsense2_camera_msgs:/opt/ros/foxy LD_LIBRARY_PATH=/home/ugrp2025/cam_ws/install/realsense2_camera_msgs/lib:${LD_LIBRARY_PATH} PYTHONPATH=/home/ugrp2025/cam_ws/install/realsense2_camera_msgs/lib/python3.8/site-packages:${PYTHONPATH} /usr/bin/cmake --install /home/ugrp2025/cam_ws/build/realsense2_camera
