[0.041s] Invoking command in '/home/ugrp2025/cam_ws/build/yolo_msgs': CMAKE_PREFIX_PATH=/opt/ros/foxy /usr/bin/cmake /home/ugrp2025/cam_ws/src/yolo_ros/yolo_msgs -DUSE_LIFECYCLE_NODE=ON -DCMAKE_INSTALL_PREFIX=/home/ugrp2025/cam_ws/install/yolo_msgs
[0.072s] -- Found ament_cmake: 0.9.12 (/opt/ros/foxy/share/ament_cmake/cmake)
[0.233s] -- Found PythonInterp: /home/ugrp2025/.pyenv/shims/python3 (found suitable version "3.8.10", minimum required is "3") 
[0.233s] -- Using PYTHON_EXECUTABLE: /home/ugrp2025/.pyenv/shims/python3
[0.957s] -- Found rosidl_default_generators: 1.0.1 (/opt/ros/foxy/share/rosidl_default_generators/cmake)
[0.970s] -- Using all available rosidl_typesupport_c: rosidl_typesupport_fastrtps_c;rosidl_typesupport_introspection_c
[0.983s] -- Found rosidl_adapter: 1.3.1 (/opt/ros/foxy/share/rosidl_adapter/cmake)
[1.497s] -- Found OpenSSL: /usr/lib/aarch64-linux-gnu/libcrypto.so (found version "1.1.1f")  
[1.561s] -- Found FastRTPS: /opt/ros/foxy/include  
[1.729s] -- Using all available rosidl_typesupport_cpp: rosidl_typesupport_fastrtps_cpp;rosidl_typesupport_introspection_cpp
[1.940s] -- Found std_msgs: 2.0.5 (/opt/ros/foxy/share/std_msgs/cmake)
[2.005s] -- Found geometry_msgs: 2.0.5 (/opt/ros/foxy/share/geometry_msgs/cmake)
[2.202s] -- Found PythonInterp: /home/ugrp2025/.pyenv/shims/python3 (found version "3.8.10") 
[3.888s] -- Found ament_cmake_ros: 0.9.2 (/opt/ros/foxy/share/ament_cmake_ros/cmake)
[5.238s] -- Using all available rosidl_typesupport_c: rosidl_typesupport_fastrtps_c;rosidl_typesupport_introspection_c
[6.013s] -- Using all available rosidl_typesupport_cpp: rosidl_typesupport_fastrtps_cpp;rosidl_typesupport_introspection_cpp
[6.316s] -- Found PythonInterp: /home/ugrp2025/.pyenv/shims/python3 (found suitable version "3.8.10", minimum required is "3.5") 
[6.465s] -- Found python_cmake_module: 0.8.1 (/opt/ros/foxy/share/python_cmake_module/cmake)
[6.802s] -- Found PythonLibs: /usr/lib/aarch64-linux-gnu/libpython3.8.so (found suitable version "3.8.10", minimum required is "3.5") 
[6.802s] -- Using PYTHON_EXECUTABLE: /home/ugrp2025/.pyenv/shims/python3
[6.802s] -- Using PYTHON_INCLUDE_DIRS: /usr/include/python3.8
[6.803s] -- Using PYTHON_LIBRARIES: /usr/lib/aarch64-linux-gnu/libpython3.8.so
[6.950s] -- Found PythonExtra: .so  
[7.690s] -- Configuring done
[7.970s] -- Generating done
[8.010s] -- Build files have been written to: /home/ugrp2025/cam_ws/build/yolo_msgs
[8.050s] Invoked command in '/home/ugrp2025/cam_ws/build/yolo_msgs' returned '0': CMAKE_PREFIX_PATH=/opt/ros/foxy /usr/bin/cmake /home/ugrp2025/cam_ws/src/yolo_ros/yolo_msgs -DUSE_LIFECYCLE_NODE=ON -DCMAKE_INSTALL_PREFIX=/home/ugrp2025/cam_ws/install/yolo_msgs
[8.062s] Invoking command in '/home/ugrp2025/cam_ws/build/yolo_msgs': CMAKE_PREFIX_PATH=/opt/ros/foxy /usr/bin/cmake --build /home/ugrp2025/cam_ws/build/yolo_msgs -- -j6 -l6
[8.174s] [  1%] [34m[1mGenerating C code for ROS interfaces[0m
[8.176s] [35m[1mScanning dependencies of target yolo_msgs__cpp[0m
[8.205s] [  1%] [34m[1mGenerating C++ code for ROS interfaces[0m
[12.020s] [  1%] Built target yolo_msgs__cpp
[12.098s] [  1%] [34m[1mGenerating C++ introspection for ROS interfaces[0m
[12.237s] [  2%] [34m[1mGenerating C++ type support for eProsima Fast-RTPS[0m
[12.289s] [  3%] [34m[1mGenerating C++ type support dispatch for ROS interfaces[0m
[12.563s] [35m[1mScanning dependencies of target yolo_msgs__rosidl_generator_c[0m
[12.774s] [  3%] [32mBuilding C object CMakeFiles/yolo_msgs__rosidl_generator_c.dir/rosidl_generator_c/yolo_msgs/msg/detail/vector2__functions.c.o[0m
[12.779s] [  4%] [32mBuilding C object CMakeFiles/yolo_msgs__rosidl_generator_c.dir/rosidl_generator_c/yolo_msgs/msg/detail/point2_d__functions.c.o[0m
[12.799s] [  5%] [32mBuilding C object CMakeFiles/yolo_msgs__rosidl_generator_c.dir/rosidl_generator_c/yolo_msgs/msg/detail/pose2_d__functions.c.o[0m
[13.143s] [  6%] [32mBuilding C object CMakeFiles/yolo_msgs__rosidl_generator_c.dir/rosidl_generator_c/yolo_msgs/msg/detail/bounding_box2_d__functions.c.o[0m
[13.144s] [  7%] [32mBuilding C object CMakeFiles/yolo_msgs__rosidl_generator_c.dir/rosidl_generator_c/yolo_msgs/msg/detail/mask__functions.c.o[0m
[13.144s] [  8%] [32mBuilding C object CMakeFiles/yolo_msgs__rosidl_generator_c.dir/rosidl_generator_c/yolo_msgs/msg/detail/bounding_box3_d__functions.c.o[0m
[13.540s] [  8%] [32mBuilding C object CMakeFiles/yolo_msgs__rosidl_generator_c.dir/rosidl_generator_c/yolo_msgs/msg/detail/key_point2_d__functions.c.o[0m
[13.585s] [  9%] [32mBuilding C object CMakeFiles/yolo_msgs__rosidl_generator_c.dir/rosidl_generator_c/yolo_msgs/msg/detail/key_point2_d_array__functions.c.o[0m
[13.610s] [ 10%] [32mBuilding C object CMakeFiles/yolo_msgs__rosidl_generator_c.dir/rosidl_generator_c/yolo_msgs/msg/detail/key_point3_d__functions.c.o[0m
[13.829s] [ 11%] [32mBuilding C object CMakeFiles/yolo_msgs__rosidl_generator_c.dir/rosidl_generator_c/yolo_msgs/msg/detail/key_point3_d_array__functions.c.o[0m
[13.841s] [ 12%] [32mBuilding C object CMakeFiles/yolo_msgs__rosidl_generator_c.dir/rosidl_generator_c/yolo_msgs/msg/detail/detection__functions.c.o[0m
[13.897s] [ 12%] [32mBuilding C object CMakeFiles/yolo_msgs__rosidl_generator_c.dir/rosidl_generator_c/yolo_msgs/msg/detail/detection_array__functions.c.o[0m
[14.204s] [ 13%] [32mBuilding C object CMakeFiles/yolo_msgs__rosidl_generator_c.dir/rosidl_generator_c/yolo_msgs/srv/detail/set_classes__functions.c.o[0m
[14.639s] [ 14%] [32m[1mLinking C shared library libyolo_msgs__rosidl_generator_c.so[0m
[15.062s] [ 14%] Built target yolo_msgs__rosidl_generator_c
[15.131s] [ 15%] [34m[1mGenerating C introspection for ROS interfaces[0m
[15.176s] [ 16%] [34m[1mGenerating C type support dispatch for ROS interfaces[0m
[16.391s] [35m[1mScanning dependencies of target yolo_msgs__rosidl_typesupport_cpp[0m
[16.559s] [ 17%] [32mBuilding CXX object CMakeFiles/yolo_msgs__rosidl_typesupport_cpp.dir/rosidl_typesupport_cpp/yolo_msgs/msg/point2_d__type_support.cpp.o[0m
[16.852s] [ 18%] [32mBuilding CXX object CMakeFiles/yolo_msgs__rosidl_typesupport_cpp.dir/rosidl_typesupport_cpp/yolo_msgs/msg/vector2__type_support.cpp.o[0m
[16.885s] [35m[1mScanning dependencies of target yolo_msgs__rosidl_typesupport_introspection_cpp[0m
[17.028s] [ 19%] [32mBuilding CXX object CMakeFiles/yolo_msgs__rosidl_typesupport_introspection_cpp.dir/rosidl_typesupport_introspection_cpp/yolo_msgs/msg/detail/point2_d__type_support.cpp.o[0m
[17.151s] [35m[1mScanning dependencies of target yolo_msgs__rosidl_typesupport_fastrtps_cpp[0m
[17.346s] [ 20%] [32mBuilding CXX object CMakeFiles/yolo_msgs__rosidl_typesupport_fastrtps_cpp.dir/rosidl_typesupport_fastrtps_cpp/yolo_msgs/msg/detail/dds_fastrtps/point2_d__type_support.cpp.o[0m
[18.432s] [ 21%] [32mBuilding CXX object CMakeFiles/yolo_msgs__rosidl_typesupport_fastrtps_cpp.dir/rosidl_typesupport_fastrtps_cpp/yolo_msgs/msg/detail/dds_fastrtps/vector2__type_support.cpp.o[0m
[18.565s] [ 22%] [32mBuilding CXX object CMakeFiles/yolo_msgs__rosidl_typesupport_introspection_cpp.dir/rosidl_typesupport_introspection_cpp/yolo_msgs/msg/detail/vector2__type_support.cpp.o[0m
[18.837s] [ 22%] [32mBuilding CXX object CMakeFiles/yolo_msgs__rosidl_typesupport_cpp.dir/rosidl_typesupport_cpp/yolo_msgs/msg/pose2_d__type_support.cpp.o[0m
[19.786s] [ 23%] [32mBuilding CXX object CMakeFiles/yolo_msgs__rosidl_typesupport_fastrtps_cpp.dir/rosidl_typesupport_fastrtps_cpp/yolo_msgs/msg/detail/dds_fastrtps/pose2_d__type_support.cpp.o[0m
[19.907s] [35m[1mScanning dependencies of target yolo_msgs__rosidl_typesupport_c[0m
[19.951s] [ 24%] [32mBuilding CXX object CMakeFiles/yolo_msgs__rosidl_typesupport_introspection_cpp.dir/rosidl_typesupport_introspection_cpp/yolo_msgs/msg/detail/pose2_d__type_support.cpp.o[0m
[19.987s] [ 24%] [32mBuilding CXX object CMakeFiles/yolo_msgs__rosidl_typesupport_c.dir/rosidl_typesupport_c/yolo_msgs/msg/point2_d__type_support.cpp.o[0m
[19.992s] [ 24%] [32mBuilding CXX object CMakeFiles/yolo_msgs__rosidl_typesupport_fastrtps_cpp.dir/rosidl_typesupport_fastrtps_cpp/yolo_msgs/msg/detail/dds_fastrtps/bounding_box2_d__type_support.cpp.o[0m
[20.197s] [ 25%] [32mBuilding CXX object CMakeFiles/yolo_msgs__rosidl_typesupport_cpp.dir/rosidl_typesupport_cpp/yolo_msgs/msg/bounding_box2_d__type_support.cpp.o[0m
[20.253s] [ 26%] [32mBuilding CXX object CMakeFiles/yolo_msgs__rosidl_typesupport_c.dir/rosidl_typesupport_c/yolo_msgs/msg/vector2__type_support.cpp.o[0m
[20.482s] [ 27%] [32mBuilding CXX object CMakeFiles/yolo_msgs__rosidl_typesupport_c.dir/rosidl_typesupport_c/yolo_msgs/msg/pose2_d__type_support.cpp.o[0m
[20.796s] [ 29%] [32mBuilding CXX object CMakeFiles/yolo_msgs__rosidl_typesupport_c.dir/rosidl_typesupport_c/yolo_msgs/msg/bounding_box2_d__type_support.cpp.o[0m
[20.804s] [ 28%] [32mBuilding CXX object CMakeFiles/yolo_msgs__rosidl_typesupport_introspection_cpp.dir/rosidl_typesupport_introspection_cpp/yolo_msgs/msg/detail/bounding_box2_d__type_support.cpp.o[0m
[20.951s] [ 30%] [32mBuilding CXX object CMakeFiles/yolo_msgs__rosidl_typesupport_c.dir/rosidl_typesupport_c/yolo_msgs/msg/bounding_box3_d__type_support.cpp.o[0m
[21.164s] [ 30%] [32mBuilding CXX object CMakeFiles/yolo_msgs__rosidl_typesupport_c.dir/rosidl_typesupport_c/yolo_msgs/msg/mask__type_support.cpp.o[0m
[21.179s] [ 31%] [32mBuilding CXX object CMakeFiles/yolo_msgs__rosidl_typesupport_cpp.dir/rosidl_typesupport_cpp/yolo_msgs/msg/bounding_box3_d__type_support.cpp.o[0m
[21.195s] [ 32%] [32mBuilding CXX object CMakeFiles/yolo_msgs__rosidl_typesupport_c.dir/rosidl_typesupport_c/yolo_msgs/msg/key_point2_d__type_support.cpp.o[0m
[21.199s] [ 33%] [32mBuilding CXX object CMakeFiles/yolo_msgs__rosidl_typesupport_fastrtps_cpp.dir/rosidl_typesupport_fastrtps_cpp/yolo_msgs/msg/detail/dds_fastrtps/bounding_box3_d__type_support.cpp.o[0m
[21.227s] [35m[1mScanning dependencies of target yolo_msgs__rosidl_typesupport_introspection_c[0m
[21.350s] [ 35%] [32mBuilding CXX object CMakeFiles/yolo_msgs__rosidl_typesupport_fastrtps_cpp.dir/rosidl_typesupport_fastrtps_cpp/yolo_msgs/msg/detail/dds_fastrtps/mask__type_support.cpp.o[0m
[21.350s] [ 35%] [32mBuilding CXX object CMakeFiles/yolo_msgs__rosidl_typesupport_c.dir/rosidl_typesupport_c/yolo_msgs/msg/key_point2_d_array__type_support.cpp.o[0m
[21.438s] [ 36%] [32mBuilding C object CMakeFiles/yolo_msgs__rosidl_typesupport_introspection_c.dir/rosidl_typesupport_introspection_c/yolo_msgs/msg/detail/point2_d__type_support.c.o[0m
[21.577s] [ 37%] [32mBuilding C object CMakeFiles/yolo_msgs__rosidl_typesupport_introspection_c.dir/rosidl_typesupport_introspection_c/yolo_msgs/msg/detail/vector2__type_support.c.o[0m
[21.664s] [ 38%] [32mBuilding CXX object CMakeFiles/yolo_msgs__rosidl_typesupport_c.dir/rosidl_typesupport_c/yolo_msgs/msg/key_point3_d__type_support.cpp.o[0m
[21.776s] [ 39%] [32mBuilding CXX object CMakeFiles/yolo_msgs__rosidl_typesupport_c.dir/rosidl_typesupport_c/yolo_msgs/msg/key_point3_d_array__type_support.cpp.o[0m
[21.790s] [ 39%] [32mBuilding CXX object CMakeFiles/yolo_msgs__rosidl_typesupport_introspection_cpp.dir/rosidl_typesupport_introspection_cpp/yolo_msgs/msg/detail/bounding_box3_d__type_support.cpp.o[0m
[21.797s] [ 39%] [32mBuilding C object CMakeFiles/yolo_msgs__rosidl_typesupport_introspection_c.dir/rosidl_typesupport_introspection_c/yolo_msgs/msg/detail/pose2_d__type_support.c.o[0m
[22.004s] [ 40%] [32mBuilding C object CMakeFiles/yolo_msgs__rosidl_typesupport_introspection_c.dir/rosidl_typesupport_introspection_c/yolo_msgs/msg/detail/bounding_box2_d__type_support.c.o[0m
[22.014s] [ 40%] [32mBuilding CXX object CMakeFiles/yolo_msgs__rosidl_typesupport_c.dir/rosidl_typesupport_c/yolo_msgs/msg/detection__type_support.cpp.o[0m
[22.014s] [ 41%] [32mBuilding CXX object CMakeFiles/yolo_msgs__rosidl_typesupport_cpp.dir/rosidl_typesupport_cpp/yolo_msgs/msg/mask__type_support.cpp.o[0m
[22.232s] [ 42%] [32mBuilding CXX object CMakeFiles/yolo_msgs__rosidl_typesupport_c.dir/rosidl_typesupport_c/yolo_msgs/msg/detection_array__type_support.cpp.o[0m
[22.306s] [ 43%] [32mBuilding C object CMakeFiles/yolo_msgs__rosidl_typesupport_introspection_c.dir/rosidl_typesupport_introspection_c/yolo_msgs/msg/detail/bounding_box3_d__type_support.c.o[0m
[22.427s] [ 44%] [32mBuilding CXX object CMakeFiles/yolo_msgs__rosidl_typesupport_c.dir/rosidl_typesupport_c/yolo_msgs/srv/set_classes__type_support.cpp.o[0m
[22.485s] [ 45%] [32mBuilding C object CMakeFiles/yolo_msgs__rosidl_typesupport_introspection_c.dir/rosidl_typesupport_introspection_c/yolo_msgs/msg/detail/mask__type_support.c.o[0m
[22.628s] [ 46%] [32m[1mLinking CXX shared library libyolo_msgs__rosidl_typesupport_c.so[0m
[22.628s] [ 47%] [32mBuilding CXX object CMakeFiles/yolo_msgs__rosidl_typesupport_fastrtps_cpp.dir/rosidl_typesupport_fastrtps_cpp/yolo_msgs/msg/detail/dds_fastrtps/key_point2_d__type_support.cpp.o[0m
[22.762s] [ 49%] [32mBuilding C object CMakeFiles/yolo_msgs__rosidl_typesupport_introspection_c.dir/rosidl_typesupport_introspection_c/yolo_msgs/msg/detail/key_point2_d__type_support.c.o[0m
[22.762s] [ 49%] [32mBuilding CXX object CMakeFiles/yolo_msgs__rosidl_typesupport_introspection_cpp.dir/rosidl_typesupport_introspection_cpp/yolo_msgs/msg/detail/mask__type_support.cpp.o[0m
[22.784s] [ 49%] [32mBuilding C object CMakeFiles/yolo_msgs__rosidl_typesupport_introspection_c.dir/rosidl_typesupport_introspection_c/yolo_msgs/msg/detail/key_point2_d_array__type_support.c.o[0m
[22.813s] [ 49%] Built target yolo_msgs__rosidl_typesupport_c
[22.866s] [ 50%] [32mBuilding C object CMakeFiles/yolo_msgs__rosidl_typesupport_introspection_c.dir/rosidl_typesupport_introspection_c/yolo_msgs/msg/detail/key_point3_d__type_support.c.o[0m
[22.949s] [ 51%] [32mBuilding C object CMakeFiles/yolo_msgs__rosidl_typesupport_introspection_c.dir/rosidl_typesupport_introspection_c/yolo_msgs/msg/detail/key_point3_d_array__type_support.c.o[0m
[22.989s] [ 52%] [32mBuilding CXX object CMakeFiles/yolo_msgs__rosidl_typesupport_cpp.dir/rosidl_typesupport_cpp/yolo_msgs/msg/key_point2_d__type_support.cpp.o[0m
[22.996s] [ 53%] [32mBuilding CXX object CMakeFiles/yolo_msgs__rosidl_typesupport_fastrtps_cpp.dir/rosidl_typesupport_fastrtps_cpp/yolo_msgs/msg/detail/dds_fastrtps/key_point2_d_array__type_support.cpp.o[0m
[23.038s] [ 53%] [32mBuilding CXX object CMakeFiles/yolo_msgs__rosidl_typesupport_fastrtps_cpp.dir/rosidl_typesupport_fastrtps_cpp/yolo_msgs/msg/detail/dds_fastrtps/key_point3_d__type_support.cpp.o[0m
[23.334s] [ 54%] [32mBuilding C object CMakeFiles/yolo_msgs__rosidl_typesupport_introspection_c.dir/rosidl_typesupport_introspection_c/yolo_msgs/msg/detail/detection__type_support.c.o[0m
[23.696s] [ 55%] [32mBuilding C object CMakeFiles/yolo_msgs__rosidl_typesupport_introspection_c.dir/rosidl_typesupport_introspection_c/yolo_msgs/msg/detail/detection_array__type_support.c.o[0m
[24.119s] [ 55%] [32mBuilding C object CMakeFiles/yolo_msgs__rosidl_typesupport_introspection_c.dir/rosidl_typesupport_introspection_c/yolo_msgs/srv/detail/set_classes__type_support.c.o[0m
[24.514s] [ 56%] [32mBuilding CXX object CMakeFiles/yolo_msgs__rosidl_typesupport_introspection_cpp.dir/rosidl_typesupport_introspection_cpp/yolo_msgs/msg/detail/key_point2_d__type_support.cpp.o[0m
[24.601s] [ 57%] [32m[1mLinking C shared library libyolo_msgs__rosidl_typesupport_introspection_c.so[0m
[24.689s] [ 57%] [32mBuilding CXX object CMakeFiles/yolo_msgs__rosidl_typesupport_cpp.dir/rosidl_typesupport_cpp/yolo_msgs/msg/key_point2_d_array__type_support.cpp.o[0m
[24.886s] [ 58%] [32mBuilding CXX object CMakeFiles/yolo_msgs__rosidl_typesupport_introspection_cpp.dir/rosidl_typesupport_introspection_cpp/yolo_msgs/msg/detail/key_point2_d_array__type_support.cpp.o[0m
[24.901s] [ 58%] Built target yolo_msgs__rosidl_typesupport_introspection_c
[24.939s] [ 59%] [32mBuilding CXX object CMakeFiles/yolo_msgs__rosidl_typesupport_introspection_cpp.dir/rosidl_typesupport_introspection_cpp/yolo_msgs/msg/detail/key_point3_d__type_support.cpp.o[0m
[25.041s] [ 60%] [32mBuilding CXX object CMakeFiles/yolo_msgs__rosidl_typesupport_fastrtps_cpp.dir/rosidl_typesupport_fastrtps_cpp/yolo_msgs/msg/detail/dds_fastrtps/key_point3_d_array__type_support.cpp.o[0m
[25.044s] [ 61%] [32mBuilding CXX object CMakeFiles/yolo_msgs__rosidl_typesupport_cpp.dir/rosidl_typesupport_cpp/yolo_msgs/msg/key_point3_d__type_support.cpp.o[0m
[25.515s] [ 61%] [32mBuilding CXX object CMakeFiles/yolo_msgs__rosidl_typesupport_introspection_cpp.dir/rosidl_typesupport_introspection_cpp/yolo_msgs/msg/detail/key_point3_d_array__type_support.cpp.o[0m
[25.759s] [ 62%] [32mBuilding CXX object CMakeFiles/yolo_msgs__rosidl_typesupport_introspection_cpp.dir/rosidl_typesupport_introspection_cpp/yolo_msgs/msg/detail/detection__type_support.cpp.o[0m
[25.996s] [ 63%] [32mBuilding CXX object CMakeFiles/yolo_msgs__rosidl_typesupport_cpp.dir/rosidl_typesupport_cpp/yolo_msgs/msg/key_point3_d_array__type_support.cpp.o[0m
[26.000s] [ 65%] [32mBuilding CXX object CMakeFiles/yolo_msgs__rosidl_typesupport_introspection_cpp.dir/rosidl_typesupport_introspection_cpp/yolo_msgs/msg/detail/detection_array__type_support.cpp.o[0m
[26.000s] [ 64%] [32mBuilding CXX object CMakeFiles/yolo_msgs__rosidl_typesupport_cpp.dir/rosidl_typesupport_cpp/yolo_msgs/msg/detection__type_support.cpp.o[0m
[26.492s] [ 66%] [32mBuilding CXX object CMakeFiles/yolo_msgs__rosidl_typesupport_fastrtps_cpp.dir/rosidl_typesupport_fastrtps_cpp/yolo_msgs/msg/detail/dds_fastrtps/detection_array__type_support.cpp.o[0m
[26.509s] [ 67%] [32mBuilding CXX object CMakeFiles/yolo_msgs__rosidl_typesupport_fastrtps_cpp.dir/rosidl_typesupport_fastrtps_cpp/yolo_msgs/msg/detail/dds_fastrtps/detection__type_support.cpp.o[0m
[26.871s] [ 68%] [32mBuilding CXX object CMakeFiles/yolo_msgs__rosidl_typesupport_introspection_cpp.dir/rosidl_typesupport_introspection_cpp/yolo_msgs/srv/detail/set_classes__type_support.cpp.o[0m
[26.953s] [ 69%] [32mBuilding CXX object CMakeFiles/yolo_msgs__rosidl_typesupport_cpp.dir/rosidl_typesupport_cpp/yolo_msgs/msg/detection_array__type_support.cpp.o[0m
[27.085s] [ 69%] [32mBuilding CXX object CMakeFiles/yolo_msgs__rosidl_typesupport_cpp.dir/rosidl_typesupport_cpp/yolo_msgs/srv/set_classes__type_support.cpp.o[0m
[27.299s] [ 70%] [32mBuilding CXX object CMakeFiles/yolo_msgs__rosidl_typesupport_fastrtps_cpp.dir/rosidl_typesupport_fastrtps_cpp/yolo_msgs/srv/detail/dds_fastrtps/set_classes__type_support.cpp.o[0m
[28.146s] [ 71%] [32m[1mLinking CXX shared library libyolo_msgs__rosidl_typesupport_introspection_cpp.so[0m
[28.155s] [ 72%] [32m[1mLinking CXX shared library libyolo_msgs__rosidl_typesupport_cpp.so[0m
[28.267s] [ 72%] Built target yolo_msgs__rosidl_typesupport_cpp
[28.381s] [ 72%] Built target yolo_msgs__rosidl_typesupport_introspection_cpp
[28.704s] [ 72%] [32m[1mLinking CXX shared library libyolo_msgs__rosidl_typesupport_fastrtps_cpp.so[0m
[28.945s] [ 72%] Built target yolo_msgs__rosidl_typesupport_fastrtps_cpp
[28.974s] [ 73%] [34m[1mGenerating C type support for eProsima Fast-RTPS[0m
[31.181s] [35m[1mScanning dependencies of target yolo_msgs__rosidl_typesupport_fastrtps_c[0m
[31.249s] [ 74%] [32mBuilding CXX object CMakeFiles/yolo_msgs__rosidl_typesupport_fastrtps_c.dir/rosidl_typesupport_fastrtps_c/yolo_msgs/msg/detail/point2_d__type_support_c.cpp.o[0m
[31.255s] [ 75%] [32mBuilding CXX object CMakeFiles/yolo_msgs__rosidl_typesupport_fastrtps_c.dir/rosidl_typesupport_fastrtps_c/yolo_msgs/msg/detail/pose2_d__type_support_c.cpp.o[0m
[31.260s] [ 75%] [32mBuilding CXX object CMakeFiles/yolo_msgs__rosidl_typesupport_fastrtps_c.dir/rosidl_typesupport_fastrtps_c/yolo_msgs/msg/detail/vector2__type_support_c.cpp.o[0m
[31.260s] [ 76%] [32mBuilding CXX object CMakeFiles/yolo_msgs__rosidl_typesupport_fastrtps_c.dir/rosidl_typesupport_fastrtps_c/yolo_msgs/msg/detail/mask__type_support_c.cpp.o[0m
[31.277s] [ 77%] [32mBuilding CXX object CMakeFiles/yolo_msgs__rosidl_typesupport_fastrtps_c.dir/rosidl_typesupport_fastrtps_c/yolo_msgs/msg/detail/bounding_box2_d__type_support_c.cpp.o[0m
[31.283s] [ 78%] [32mBuilding CXX object CMakeFiles/yolo_msgs__rosidl_typesupport_fastrtps_c.dir/rosidl_typesupport_fastrtps_c/yolo_msgs/msg/detail/bounding_box3_d__type_support_c.cpp.o[0m
[32.377s] [ 79%] [32mBuilding CXX object CMakeFiles/yolo_msgs__rosidl_typesupport_fastrtps_c.dir/rosidl_typesupport_fastrtps_c/yolo_msgs/msg/detail/key_point2_d__type_support_c.cpp.o[0m
[32.378s] [ 79%] [32mBuilding CXX object CMakeFiles/yolo_msgs__rosidl_typesupport_fastrtps_c.dir/rosidl_typesupport_fastrtps_c/yolo_msgs/msg/detail/key_point2_d_array__type_support_c.cpp.o[0m
[32.383s] [ 80%] [32mBuilding CXX object CMakeFiles/yolo_msgs__rosidl_typesupport_fastrtps_c.dir/rosidl_typesupport_fastrtps_c/yolo_msgs/msg/detail/key_point3_d_array__type_support_c.cpp.o[0m
[32.383s] [ 82%] [32mBuilding CXX object CMakeFiles/yolo_msgs__rosidl_typesupport_fastrtps_c.dir/rosidl_typesupport_fastrtps_c/yolo_msgs/msg/detail/key_point3_d__type_support_c.cpp.o[0m
[32.383s] [ 82%] [32mBuilding CXX object CMakeFiles/yolo_msgs__rosidl_typesupport_fastrtps_c.dir/rosidl_typesupport_fastrtps_c/yolo_msgs/msg/detail/detection__type_support_c.cpp.o[0m
[32.400s] [ 82%] [32mBuilding CXX object CMakeFiles/yolo_msgs__rosidl_typesupport_fastrtps_c.dir/rosidl_typesupport_fastrtps_c/yolo_msgs/msg/detail/detection_array__type_support_c.cpp.o[0m
[33.550s] [ 83%] [32mBuilding CXX object CMakeFiles/yolo_msgs__rosidl_typesupport_fastrtps_c.dir/rosidl_typesupport_fastrtps_c/yolo_msgs/srv/detail/set_classes__type_support_c.cpp.o[0m
[34.628s] [ 84%] [32m[1mLinking CXX shared library libyolo_msgs__rosidl_typesupport_fastrtps_c.so[0m
[34.970s] [ 84%] Built target yolo_msgs__rosidl_typesupport_fastrtps_c
[35.001s] [35m[1mScanning dependencies of target yolo_msgs[0m
[35.032s] [ 84%] Built target yolo_msgs
[35.060s] [35m[1mScanning dependencies of target yolo_msgs__py[0m
[35.088s] [ 85%] [34m[1mGenerating Python code for ROS interfaces[0m
[38.996s] [ 85%] Built target yolo_msgs__py
[39.021s] [35m[1mScanning dependencies of target yolo_msgs__python[0m
[39.104s] [ 87%] [32mBuilding C object CMakeFiles/yolo_msgs__python.dir/rosidl_generator_py/yolo_msgs/msg/_vector2_s.c.o[0m
[39.107s] [ 87%] [32mBuilding C object CMakeFiles/yolo_msgs__python.dir/rosidl_generator_py/yolo_msgs/msg/_bounding_box3_d_s.c.o[0m
[39.112s] [ 88%] [32mBuilding C object CMakeFiles/yolo_msgs__python.dir/rosidl_generator_py/yolo_msgs/msg/_point2_d_s.c.o[0m
[39.113s] [ 88%] [32mBuilding C object CMakeFiles/yolo_msgs__python.dir/rosidl_generator_py/yolo_msgs/msg/_pose2_d_s.c.o[0m
[39.115s] [ 89%] [32mBuilding C object CMakeFiles/yolo_msgs__python.dir/rosidl_generator_py/yolo_msgs/msg/_bounding_box2_d_s.c.o[0m
[39.128s] [ 90%] [32mBuilding C object CMakeFiles/yolo_msgs__python.dir/rosidl_generator_py/yolo_msgs/msg/_mask_s.c.o[0m
[39.457s] [ 91%] [32mBuilding C object CMakeFiles/yolo_msgs__python.dir/rosidl_generator_py/yolo_msgs/msg/_key_point2_d_s.c.o[0m
[39.470s] [ 93%] [32mBuilding C object CMakeFiles/yolo_msgs__python.dir/rosidl_generator_py/yolo_msgs/msg/_key_point3_d_s.c.o[0m
[39.470s] [ 93%] [32mBuilding C object CMakeFiles/yolo_msgs__python.dir/rosidl_generator_py/yolo_msgs/msg/_detection_s.c.o[0m
[39.471s] [ 94%] [32mBuilding C object CMakeFiles/yolo_msgs__python.dir/rosidl_generator_py/yolo_msgs/msg/_detection_array_s.c.o[0m
[39.476s] [ 94%] [32mBuilding C object CMakeFiles/yolo_msgs__python.dir/rosidl_generator_py/yolo_msgs/msg/_key_point2_d_array_s.c.o[0m
[39.483s] [ 95%] [32mBuilding C object CMakeFiles/yolo_msgs__python.dir/rosidl_generator_py/yolo_msgs/msg/_key_point3_d_array_s.c.o[0m
[39.725s] [ 95%] [32mBuilding C object CMakeFiles/yolo_msgs__python.dir/rosidl_generator_py/yolo_msgs/srv/_set_classes_s.c.o[0m
[39.991s] [ 96%] [32m[1mLinking C shared library rosidl_generator_py/yolo_msgs/libyolo_msgs__python.so[0m
[40.105s] [ 96%] Built target yolo_msgs__python
[40.131s] [35m[1mScanning dependencies of target yolo_msgs__rosidl_typesupport_fastrtps_c__pyext[0m
[40.131s] [35m[1mScanning dependencies of target yolo_msgs__rosidl_typesupport_introspection_c__pyext[0m
[40.131s] [35m[1mScanning dependencies of target yolo_msgs__rosidl_typesupport_c__pyext[0m
[40.184s] [ 98%] [32mBuilding C object CMakeFiles/yolo_msgs__rosidl_typesupport_introspection_c__pyext.dir/rosidl_generator_py/yolo_msgs/_yolo_msgs_s.ep.rosidl_typesupport_introspection_c.c.o[0m
[40.185s] [ 98%] [32mBuilding C object CMakeFiles/yolo_msgs__rosidl_typesupport_fastrtps_c__pyext.dir/rosidl_generator_py/yolo_msgs/_yolo_msgs_s.ep.rosidl_typesupport_fastrtps_c.c.o[0m
[40.186s] [ 99%] [32mBuilding C object CMakeFiles/yolo_msgs__rosidl_typesupport_c__pyext.dir/rosidl_generator_py/yolo_msgs/_yolo_msgs_s.ep.rosidl_typesupport_c.c.o[0m
[40.535s] [ 99%] [32m[1mLinking CXX shared library rosidl_generator_py/yolo_msgs/yolo_msgs_s__rosidl_typesupport_fastrtps_c.cpython-38-aarch64-linux-gnu.so[0m
[40.543s] [100%] [32m[1mLinking C shared library rosidl_generator_py/yolo_msgs/yolo_msgs_s__rosidl_typesupport_introspection_c.cpython-38-aarch64-linux-gnu.so[0m
[40.547s] [100%] [32m[1mLinking C shared library rosidl_generator_py/yolo_msgs/yolo_msgs_s__rosidl_typesupport_c.cpython-38-aarch64-linux-gnu.so[0m
[40.649s] [100%] Built target yolo_msgs__rosidl_typesupport_c__pyext
[40.650s] [100%] Built target yolo_msgs__rosidl_typesupport_introspection_c__pyext
[40.702s] [100%] Built target yolo_msgs__rosidl_typesupport_fastrtps_c__pyext
[40.808s] Invoked command in '/home/ugrp2025/cam_ws/build/yolo_msgs' returned '0': CMAKE_PREFIX_PATH=/opt/ros/foxy /usr/bin/cmake --build /home/ugrp2025/cam_ws/build/yolo_msgs -- -j6 -l6
[40.819s] Invoking command in '/home/ugrp2025/cam_ws/build/yolo_msgs': CMAKE_PREFIX_PATH=/opt/ros/foxy /usr/bin/cmake --install /home/ugrp2025/cam_ws/build/yolo_msgs
[40.845s] -- Install configuration: ""
[40.845s] -- Installing: /home/ugrp2025/cam_ws/install/yolo_msgs/share/ament_index/resource_index/rosidl_interfaces/yolo_msgs
[40.846s] -- Installing: /home/ugrp2025/cam_ws/install/yolo_msgs/include/yolo_msgs
[40.846s] -- Installing: /home/ugrp2025/cam_ws/install/yolo_msgs/include/yolo_msgs/msg
[40.847s] -- Installing: /home/ugrp2025/cam_ws/install/yolo_msgs/include/yolo_msgs/msg/rosidl_generator_c__visibility_control.h
[40.847s] -- Installing: /home/ugrp2025/cam_ws/install/yolo_msgs/include/yolo_msgs/msg/key_point3_d_array.h
[40.847s] -- Installing: /home/ugrp2025/cam_ws/install/yolo_msgs/include/yolo_msgs/msg/vector2.h
[40.848s] -- Installing: /home/ugrp2025/cam_ws/install/yolo_msgs/include/yolo_msgs/msg/bounding_box2_d.h
[40.848s] -- Installing: /home/ugrp2025/cam_ws/install/yolo_msgs/include/yolo_msgs/msg/key_point2_d_array.h
[40.848s] -- Installing: /home/ugrp2025/cam_ws/install/yolo_msgs/include/yolo_msgs/msg/detail
[40.848s] -- Installing: /home/ugrp2025/cam_ws/install/yolo_msgs/include/yolo_msgs/msg/detail/bounding_box3_d__type_support.h
[40.849s] -- Installing: /home/ugrp2025/cam_ws/install/yolo_msgs/include/yolo_msgs/msg/detail/point2_d__functions.h
[40.849s] -- Installing: /home/ugrp2025/cam_ws/install/yolo_msgs/include/yolo_msgs/msg/detail/bounding_box3_d__struct.h
[40.849s] -- Installing: /home/ugrp2025/cam_ws/install/yolo_msgs/include/yolo_msgs/msg/detail/detection_array__functions.h
[40.850s] -- Installing: /home/ugrp2025/cam_ws/install/yolo_msgs/include/yolo_msgs/msg/detail/detection__functions.h
[40.850s] -- Installing: /home/ugrp2025/cam_ws/install/yolo_msgs/include/yolo_msgs/msg/detail/detection__struct.h
[40.850s] -- Installing: /home/ugrp2025/cam_ws/install/yolo_msgs/include/yolo_msgs/msg/detail/detection__type_support.h
[40.851s] -- Installing: /home/ugrp2025/cam_ws/install/yolo_msgs/include/yolo_msgs/msg/detail/bounding_box2_d__functions.h
[40.851s] -- Installing: /home/ugrp2025/cam_ws/install/yolo_msgs/include/yolo_msgs/msg/detail/pose2_d__functions.h
[40.852s] -- Installing: /home/ugrp2025/cam_ws/install/yolo_msgs/include/yolo_msgs/msg/detail/key_point3_d_array__functions.c
[40.852s] -- Installing: /home/ugrp2025/cam_ws/install/yolo_msgs/include/yolo_msgs/msg/detail/vector2__type_support.h
[40.852s] -- Installing: /home/ugrp2025/cam_ws/install/yolo_msgs/include/yolo_msgs/msg/detail/vector2__functions.c
[40.853s] -- Installing: /home/ugrp2025/cam_ws/install/yolo_msgs/include/yolo_msgs/msg/detail/detection_array__type_support.h
[40.853s] -- Installing: /home/ugrp2025/cam_ws/install/yolo_msgs/include/yolo_msgs/msg/detail/mask__struct.h
[40.853s] -- Installing: /home/ugrp2025/cam_ws/install/yolo_msgs/include/yolo_msgs/msg/detail/bounding_box2_d__functions.c
[40.854s] -- Installing: /home/ugrp2025/cam_ws/install/yolo_msgs/include/yolo_msgs/msg/detail/key_point3_d__type_support.h
[40.854s] -- Installing: /home/ugrp2025/cam_ws/install/yolo_msgs/include/yolo_msgs/msg/detail/pose2_d__struct.h
[40.855s] -- Installing: /home/ugrp2025/cam_ws/install/yolo_msgs/include/yolo_msgs/msg/detail/key_point3_d_array__functions.h
[40.855s] -- Installing: /home/ugrp2025/cam_ws/install/yolo_msgs/include/yolo_msgs/msg/detail/key_point2_d__type_support.h
[40.855s] -- Installing: /home/ugrp2025/cam_ws/install/yolo_msgs/include/yolo_msgs/msg/detail/point2_d__type_support.h
[40.855s] -- Installing: /home/ugrp2025/cam_ws/install/yolo_msgs/include/yolo_msgs/msg/detail/point2_d__functions.c
[40.856s] -- Installing: /home/ugrp2025/cam_ws/install/yolo_msgs/include/yolo_msgs/msg/detail/pose2_d__type_support.h
[40.856s] -- Installing: /home/ugrp2025/cam_ws/install/yolo_msgs/include/yolo_msgs/msg/detail/bounding_box3_d__functions.c
[40.856s] -- Installing: /home/ugrp2025/cam_ws/install/yolo_msgs/include/yolo_msgs/msg/detail/detection_array__functions.c
[40.857s] -- Installing: /home/ugrp2025/cam_ws/install/yolo_msgs/include/yolo_msgs/msg/detail/mask__functions.c
[40.857s] -- Installing: /home/ugrp2025/cam_ws/install/yolo_msgs/include/yolo_msgs/msg/detail/key_point2_d_array__functions.h
[40.857s] -- Installing: /home/ugrp2025/cam_ws/install/yolo_msgs/include/yolo_msgs/msg/detail/key_point3_d__struct.h
[40.858s] -- Installing: /home/ugrp2025/cam_ws/install/yolo_msgs/include/yolo_msgs/msg/detail/bounding_box3_d__functions.h
[40.858s] -- Installing: /home/ugrp2025/cam_ws/install/yolo_msgs/include/yolo_msgs/msg/detail/key_point3_d_array__struct.h
[40.858s] -- Installing: /home/ugrp2025/cam_ws/install/yolo_msgs/include/yolo_msgs/msg/detail/key_point2_d__struct.h
[40.859s] -- Installing: /home/ugrp2025/cam_ws/install/yolo_msgs/include/yolo_msgs/msg/detail/key_point2_d__functions.h
[40.859s] -- Installing: /home/ugrp2025/cam_ws/install/yolo_msgs/include/yolo_msgs/msg/detail/mask__functions.h
[40.859s] -- Installing: /home/ugrp2025/cam_ws/install/yolo_msgs/include/yolo_msgs/msg/detail/key_point3_d__functions.c
[40.860s] -- Installing: /home/ugrp2025/cam_ws/install/yolo_msgs/include/yolo_msgs/msg/detail/mask__type_support.h
[40.860s] -- Installing: /home/ugrp2025/cam_ws/install/yolo_msgs/include/yolo_msgs/msg/detail/key_point2_d_array__functions.c
[40.860s] -- Installing: /home/ugrp2025/cam_ws/install/yolo_msgs/include/yolo_msgs/msg/detail/key_point2_d_array__type_support.h
[40.860s] -- Installing: /home/ugrp2025/cam_ws/install/yolo_msgs/include/yolo_msgs/msg/detail/detection__functions.c
[40.861s] -- Installing: /home/ugrp2025/cam_ws/install/yolo_msgs/include/yolo_msgs/msg/detail/vector2__struct.h
[40.861s] -- Installing: /home/ugrp2025/cam_ws/install/yolo_msgs/include/yolo_msgs/msg/detail/vector2__functions.h
[40.861s] -- Installing: /home/ugrp2025/cam_ws/install/yolo_msgs/include/yolo_msgs/msg/detail/detection_array__struct.h
[40.862s] -- Installing: /home/ugrp2025/cam_ws/install/yolo_msgs/include/yolo_msgs/msg/detail/key_point3_d__functions.h
[40.862s] -- Installing: /home/ugrp2025/cam_ws/install/yolo_msgs/include/yolo_msgs/msg/detail/key_point3_d_array__type_support.h
[40.862s] -- Installing: /home/ugrp2025/cam_ws/install/yolo_msgs/include/yolo_msgs/msg/detail/point2_d__struct.h
[40.863s] -- Installing: /home/ugrp2025/cam_ws/install/yolo_msgs/include/yolo_msgs/msg/detail/key_point2_d__functions.c
[40.863s] -- Installing: /home/ugrp2025/cam_ws/install/yolo_msgs/include/yolo_msgs/msg/detail/bounding_box2_d__struct.h
[40.863s] -- Installing: /home/ugrp2025/cam_ws/install/yolo_msgs/include/yolo_msgs/msg/detail/pose2_d__functions.c
[40.863s] -- Installing: /home/ugrp2025/cam_ws/install/yolo_msgs/include/yolo_msgs/msg/detail/key_point2_d_array__struct.h
[40.863s] -- Installing: /home/ugrp2025/cam_ws/install/yolo_msgs/include/yolo_msgs/msg/detail/bounding_box2_d__type_support.h
[40.864s] -- Installing: /home/ugrp2025/cam_ws/install/yolo_msgs/include/yolo_msgs/msg/key_point2_d.h
[40.864s] -- Installing: /home/ugrp2025/cam_ws/install/yolo_msgs/include/yolo_msgs/msg/key_point3_d.h
[40.864s] -- Installing: /home/ugrp2025/cam_ws/install/yolo_msgs/include/yolo_msgs/msg/pose2_d.h
[40.865s] -- Installing: /home/ugrp2025/cam_ws/install/yolo_msgs/include/yolo_msgs/msg/mask.h
[40.865s] -- Installing: /home/ugrp2025/cam_ws/install/yolo_msgs/include/yolo_msgs/msg/detection.h
[40.865s] -- Installing: /home/ugrp2025/cam_ws/install/yolo_msgs/include/yolo_msgs/msg/bounding_box3_d.h
[40.866s] -- Installing: /home/ugrp2025/cam_ws/install/yolo_msgs/include/yolo_msgs/msg/detection_array.h
[40.866s] -- Installing: /home/ugrp2025/cam_ws/install/yolo_msgs/include/yolo_msgs/msg/point2_d.h
[40.866s] -- Installing: /home/ugrp2025/cam_ws/install/yolo_msgs/include/yolo_msgs/srv
[40.867s] -- Installing: /home/ugrp2025/cam_ws/install/yolo_msgs/include/yolo_msgs/srv/detail
[40.867s] -- Installing: /home/ugrp2025/cam_ws/install/yolo_msgs/include/yolo_msgs/srv/detail/set_classes__struct.h
[40.867s] -- Installing: /home/ugrp2025/cam_ws/install/yolo_msgs/include/yolo_msgs/srv/detail/set_classes__functions.c
[40.868s] -- Installing: /home/ugrp2025/cam_ws/install/yolo_msgs/include/yolo_msgs/srv/detail/set_classes__functions.h
[40.868s] -- Installing: /home/ugrp2025/cam_ws/install/yolo_msgs/include/yolo_msgs/srv/detail/set_classes__type_support.h
[40.868s] -- Installing: /home/ugrp2025/cam_ws/install/yolo_msgs/include/yolo_msgs/srv/set_classes.h
[40.868s] -- Installing: /home/ugrp2025/cam_ws/install/yolo_msgs/share/yolo_msgs/environment/library_path.sh
[40.868s] -- Installing: /home/ugrp2025/cam_ws/install/yolo_msgs/share/yolo_msgs/environment/library_path.dsv
[40.869s] -- Installing: /home/ugrp2025/cam_ws/install/yolo_msgs/lib/libyolo_msgs__rosidl_generator_c.so
[40.869s] -- Set runtime path of "/home/ugrp2025/cam_ws/install/yolo_msgs/lib/libyolo_msgs__rosidl_generator_c.so" to ""
[40.869s] -- Up-to-date: /home/ugrp2025/cam_ws/install/yolo_msgs/include/yolo_msgs
[40.869s] -- Up-to-date: /home/ugrp2025/cam_ws/install/yolo_msgs/include/yolo_msgs/msg
[40.869s] -- Up-to-date: /home/ugrp2025/cam_ws/install/yolo_msgs/include/yolo_msgs/msg/detail
[40.870s] -- Installing: /home/ugrp2025/cam_ws/install/yolo_msgs/include/yolo_msgs/msg/detail/key_point2_d__rosidl_typesupport_fastrtps_c.h
[40.870s] -- Installing: /home/ugrp2025/cam_ws/install/yolo_msgs/include/yolo_msgs/msg/detail/key_point2_d_array__rosidl_typesupport_fastrtps_c.h
[40.870s] -- Installing: /home/ugrp2025/cam_ws/install/yolo_msgs/include/yolo_msgs/msg/detail/mask__rosidl_typesupport_fastrtps_c.h
[40.870s] -- Installing: /home/ugrp2025/cam_ws/install/yolo_msgs/include/yolo_msgs/msg/detail/detection_array__rosidl_typesupport_fastrtps_c.h
[40.870s] -- Installing: /home/ugrp2025/cam_ws/install/yolo_msgs/include/yolo_msgs/msg/detail/bounding_box2_d__rosidl_typesupport_fastrtps_c.h
[40.871s] -- Installing: /home/ugrp2025/cam_ws/install/yolo_msgs/include/yolo_msgs/msg/detail/bounding_box3_d__rosidl_typesupport_fastrtps_c.h
[40.871s] -- Installing: /home/ugrp2025/cam_ws/install/yolo_msgs/include/yolo_msgs/msg/detail/pose2_d__rosidl_typesupport_fastrtps_c.h
[40.871s] -- Installing: /home/ugrp2025/cam_ws/install/yolo_msgs/include/yolo_msgs/msg/detail/key_point3_d_array__rosidl_typesupport_fastrtps_c.h
[40.871s] -- Installing: /home/ugrp2025/cam_ws/install/yolo_msgs/include/yolo_msgs/msg/detail/detection__rosidl_typesupport_fastrtps_c.h
[40.871s] -- Installing: /home/ugrp2025/cam_ws/install/yolo_msgs/include/yolo_msgs/msg/detail/point2_d__rosidl_typesupport_fastrtps_c.h
[40.872s] -- Installing: /home/ugrp2025/cam_ws/install/yolo_msgs/include/yolo_msgs/msg/detail/vector2__rosidl_typesupport_fastrtps_c.h
[40.872s] -- Installing: /home/ugrp2025/cam_ws/install/yolo_msgs/include/yolo_msgs/msg/detail/key_point3_d__rosidl_typesupport_fastrtps_c.h
[40.872s] -- Installing: /home/ugrp2025/cam_ws/install/yolo_msgs/include/yolo_msgs/msg/rosidl_typesupport_fastrtps_c__visibility_control.h
[40.872s] -- Up-to-date: /home/ugrp2025/cam_ws/install/yolo_msgs/include/yolo_msgs/srv
[41.075s] -- Up-to-date: /home/ugrp2025/cam_ws/install/yolo_msgs/include/yolo_msgs/srv/detail
[41.076s] -- Installing: /home/ugrp2025/cam_ws/install/yolo_msgs/include/yolo_msgs/srv/detail/set_classes__rosidl_typesupport_fastrtps_c.h
[41.076s] -- Installing: /home/ugrp2025/cam_ws/install/yolo_msgs/lib/libyolo_msgs__rosidl_typesupport_fastrtps_c.so
[41.077s] -- Set runtime path of "/home/ugrp2025/cam_ws/install/yolo_msgs/lib/libyolo_msgs__rosidl_typesupport_fastrtps_c.so" to ""
[41.077s] -- Up-to-date: /home/ugrp2025/cam_ws/install/yolo_msgs/include/yolo_msgs
[41.078s] -- Up-to-date: /home/ugrp2025/cam_ws/install/yolo_msgs/include/yolo_msgs/msg
[41.078s] -- Installing: /home/ugrp2025/cam_ws/install/yolo_msgs/include/yolo_msgs/msg/rosidl_typesupport_fastrtps_cpp__visibility_control.h
[41.078s] -- Up-to-date: /home/ugrp2025/cam_ws/install/yolo_msgs/include/yolo_msgs/msg/detail
[41.079s] -- Installing: /home/ugrp2025/cam_ws/install/yolo_msgs/include/yolo_msgs/msg/detail/key_point2_d_array__rosidl_typesupport_fastrtps_cpp.hpp
[41.079s] -- Installing: /home/ugrp2025/cam_ws/install/yolo_msgs/include/yolo_msgs/msg/detail/point2_d__rosidl_typesupport_fastrtps_cpp.hpp
[41.080s] -- Installing: /home/ugrp2025/cam_ws/install/yolo_msgs/include/yolo_msgs/msg/detail/vector2__rosidl_typesupport_fastrtps_cpp.hpp
[41.080s] -- Installing: /home/ugrp2025/cam_ws/install/yolo_msgs/include/yolo_msgs/msg/detail/key_point3_d_array__rosidl_typesupport_fastrtps_cpp.hpp
[41.080s] -- Installing: /home/ugrp2025/cam_ws/install/yolo_msgs/include/yolo_msgs/msg/detail/mask__rosidl_typesupport_fastrtps_cpp.hpp
[41.081s] -- Installing: /home/ugrp2025/cam_ws/install/yolo_msgs/include/yolo_msgs/msg/detail/key_point3_d__rosidl_typesupport_fastrtps_cpp.hpp
[41.081s] -- Installing: /home/ugrp2025/cam_ws/install/yolo_msgs/include/yolo_msgs/msg/detail/key_point2_d__rosidl_typesupport_fastrtps_cpp.hpp
[41.081s] -- Installing: /home/ugrp2025/cam_ws/install/yolo_msgs/include/yolo_msgs/msg/detail/pose2_d__rosidl_typesupport_fastrtps_cpp.hpp
[41.081s] -- Installing: /home/ugrp2025/cam_ws/install/yolo_msgs/include/yolo_msgs/msg/detail/detection__rosidl_typesupport_fastrtps_cpp.hpp
[41.082s] -- Installing: /home/ugrp2025/cam_ws/install/yolo_msgs/include/yolo_msgs/msg/detail/bounding_box2_d__rosidl_typesupport_fastrtps_cpp.hpp
[41.082s] -- Installing: /home/ugrp2025/cam_ws/install/yolo_msgs/include/yolo_msgs/msg/detail/detection_array__rosidl_typesupport_fastrtps_cpp.hpp
[41.082s] -- Installing: /home/ugrp2025/cam_ws/install/yolo_msgs/include/yolo_msgs/msg/detail/bounding_box3_d__rosidl_typesupport_fastrtps_cpp.hpp
[41.082s] -- Installing: /home/ugrp2025/cam_ws/install/yolo_msgs/include/yolo_msgs/msg/detail/dds_fastrtps
[41.083s] -- Up-to-date: /home/ugrp2025/cam_ws/install/yolo_msgs/include/yolo_msgs/srv
[41.083s] -- Up-to-date: /home/ugrp2025/cam_ws/install/yolo_msgs/include/yolo_msgs/srv/detail
[41.084s] -- Installing: /home/ugrp2025/cam_ws/install/yolo_msgs/include/yolo_msgs/srv/detail/dds_fastrtps
[41.084s] -- Installing: /home/ugrp2025/cam_ws/install/yolo_msgs/include/yolo_msgs/srv/detail/set_classes__rosidl_typesupport_fastrtps_cpp.hpp
[41.084s] -- Installing: /home/ugrp2025/cam_ws/install/yolo_msgs/lib/libyolo_msgs__rosidl_typesupport_fastrtps_cpp.so
[41.084s] -- Set runtime path of "/home/ugrp2025/cam_ws/install/yolo_msgs/lib/libyolo_msgs__rosidl_typesupport_fastrtps_cpp.so" to ""
[41.085s] -- Up-to-date: /home/ugrp2025/cam_ws/install/yolo_msgs/include/yolo_msgs
[41.085s] -- Up-to-date: /home/ugrp2025/cam_ws/install/yolo_msgs/include/yolo_msgs/msg
[41.085s] -- Up-to-date: /home/ugrp2025/cam_ws/install/yolo_msgs/include/yolo_msgs/msg/detail
[41.086s] -- Installing: /home/ugrp2025/cam_ws/install/yolo_msgs/include/yolo_msgs/msg/detail/key_point2_d_array__type_support.c
[41.086s] -- Installing: /home/ugrp2025/cam_ws/install/yolo_msgs/include/yolo_msgs/msg/detail/detection__type_support.c
[41.086s] -- Installing: /home/ugrp2025/cam_ws/install/yolo_msgs/include/yolo_msgs/msg/detail/mask__type_support.c
[41.087s] -- Installing: /home/ugrp2025/cam_ws/install/yolo_msgs/include/yolo_msgs/msg/detail/bounding_box2_d__rosidl_typesupport_introspection_c.h
[41.087s] -- Installing: /home/ugrp2025/cam_ws/install/yolo_msgs/include/yolo_msgs/msg/detail/vector2__type_support.c
[41.087s] -- Installing: /home/ugrp2025/cam_ws/install/yolo_msgs/include/yolo_msgs/msg/detail/bounding_box3_d__type_support.c
[41.088s] -- Installing: /home/ugrp2025/cam_ws/install/yolo_msgs/include/yolo_msgs/msg/detail/key_point2_d__type_support.c
[41.088s] -- Installing: /home/ugrp2025/cam_ws/install/yolo_msgs/include/yolo_msgs/msg/detail/key_point2_d__rosidl_typesupport_introspection_c.h
[41.088s] -- Installing: /home/ugrp2025/cam_ws/install/yolo_msgs/include/yolo_msgs/msg/detail/detection_array__rosidl_typesupport_introspection_c.h
[41.089s] -- Installing: /home/ugrp2025/cam_ws/install/yolo_msgs/include/yolo_msgs/msg/detail/detection__rosidl_typesupport_introspection_c.h
[41.089s] -- Installing: /home/ugrp2025/cam_ws/install/yolo_msgs/include/yolo_msgs/msg/detail/detection_array__type_support.c
[41.089s] -- Installing: /home/ugrp2025/cam_ws/install/yolo_msgs/include/yolo_msgs/msg/detail/key_point3_d_array__rosidl_typesupport_introspection_c.h
[41.089s] -- Installing: /home/ugrp2025/cam_ws/install/yolo_msgs/include/yolo_msgs/msg/detail/vector2__rosidl_typesupport_introspection_c.h
[41.090s] -- Installing: /home/ugrp2025/cam_ws/install/yolo_msgs/include/yolo_msgs/msg/detail/pose2_d__rosidl_typesupport_introspection_c.h
[41.090s] -- Installing: /home/ugrp2025/cam_ws/install/yolo_msgs/include/yolo_msgs/msg/detail/pose2_d__type_support.c
[41.090s] -- Installing: /home/ugrp2025/cam_ws/install/yolo_msgs/include/yolo_msgs/msg/detail/key_point3_d__rosidl_typesupport_introspection_c.h
[41.090s] -- Installing: /home/ugrp2025/cam_ws/install/yolo_msgs/include/yolo_msgs/msg/detail/key_point3_d__type_support.c
[41.091s] -- Installing: /home/ugrp2025/cam_ws/install/yolo_msgs/include/yolo_msgs/msg/detail/mask__rosidl_typesupport_introspection_c.h
[41.091s] -- Installing: /home/ugrp2025/cam_ws/install/yolo_msgs/include/yolo_msgs/msg/detail/key_point3_d_array__type_support.c
[41.092s] -- Installing: /home/ugrp2025/cam_ws/install/yolo_msgs/include/yolo_msgs/msg/detail/bounding_box3_d__rosidl_typesupport_introspection_c.h
[41.092s] -- Installing: /home/ugrp2025/cam_ws/install/yolo_msgs/include/yolo_msgs/msg/detail/bounding_box2_d__type_support.c
[41.092s] -- Installing: /home/ugrp2025/cam_ws/install/yolo_msgs/include/yolo_msgs/msg/detail/point2_d__type_support.c
[41.092s] -- Installing: /home/ugrp2025/cam_ws/install/yolo_msgs/include/yolo_msgs/msg/detail/point2_d__rosidl_typesupport_introspection_c.h
[41.093s] -- Installing: /home/ugrp2025/cam_ws/install/yolo_msgs/include/yolo_msgs/msg/detail/key_point2_d_array__rosidl_typesupport_introspection_c.h
[41.093s] -- Installing: /home/ugrp2025/cam_ws/install/yolo_msgs/include/yolo_msgs/msg/rosidl_typesupport_introspection_c__visibility_control.h
[41.093s] -- Up-to-date: /home/ugrp2025/cam_ws/install/yolo_msgs/include/yolo_msgs/srv
[41.094s] -- Up-to-date: /home/ugrp2025/cam_ws/install/yolo_msgs/include/yolo_msgs/srv/detail
[41.094s] -- Installing: /home/ugrp2025/cam_ws/install/yolo_msgs/include/yolo_msgs/srv/detail/set_classes__rosidl_typesupport_introspection_c.h
[41.094s] -- Installing: /home/ugrp2025/cam_ws/install/yolo_msgs/include/yolo_msgs/srv/detail/set_classes__type_support.c
[41.095s] -- Installing: /home/ugrp2025/cam_ws/install/yolo_msgs/lib/libyolo_msgs__rosidl_typesupport_introspection_c.so
[41.095s] -- Set runtime path of "/home/ugrp2025/cam_ws/install/yolo_msgs/lib/libyolo_msgs__rosidl_typesupport_introspection_c.so" to ""
[41.095s] -- Installing: /home/ugrp2025/cam_ws/install/yolo_msgs/lib/libyolo_msgs__rosidl_typesupport_c.so
[41.096s] -- Set runtime path of "/home/ugrp2025/cam_ws/install/yolo_msgs/lib/libyolo_msgs__rosidl_typesupport_c.so" to ""
[41.096s] -- Up-to-date: /home/ugrp2025/cam_ws/install/yolo_msgs/include/yolo_msgs
[41.096s] -- Up-to-date: /home/ugrp2025/cam_ws/install/yolo_msgs/include/yolo_msgs/msg
[41.097s] -- Installing: /home/ugrp2025/cam_ws/install/yolo_msgs/include/yolo_msgs/msg/key_point3_d.hpp
[41.097s] -- Installing: /home/ugrp2025/cam_ws/install/yolo_msgs/include/yolo_msgs/msg/vector2.hpp
[41.097s] -- Up-to-date: /home/ugrp2025/cam_ws/install/yolo_msgs/include/yolo_msgs/msg/detail
[41.098s] -- Installing: /home/ugrp2025/cam_ws/install/yolo_msgs/include/yolo_msgs/msg/detail/pose2_d__traits.hpp
[41.098s] -- Installing: /home/ugrp2025/cam_ws/install/yolo_msgs/include/yolo_msgs/msg/detail/point2_d__struct.hpp
[41.098s] -- Installing: /home/ugrp2025/cam_ws/install/yolo_msgs/include/yolo_msgs/msg/detail/detection__builder.hpp
[41.099s] -- Installing: /home/ugrp2025/cam_ws/install/yolo_msgs/include/yolo_msgs/msg/detail/bounding_box3_d__type_support.hpp
[41.099s] -- Installing: /home/ugrp2025/cam_ws/install/yolo_msgs/include/yolo_msgs/msg/detail/bounding_box2_d__traits.hpp
[41.099s] -- Installing: /home/ugrp2025/cam_ws/install/yolo_msgs/include/yolo_msgs/msg/detail/detection_array__traits.hpp
[41.100s] -- Installing: /home/ugrp2025/cam_ws/install/yolo_msgs/include/yolo_msgs/msg/detail/bounding_box3_d__struct.hpp
[41.100s] -- Installing: /home/ugrp2025/cam_ws/install/yolo_msgs/include/yolo_msgs/msg/detail/detection__struct.hpp
[41.100s] -- Installing: /home/ugrp2025/cam_ws/install/yolo_msgs/include/yolo_msgs/msg/detail/key_point2_d_array__type_support.hpp
[41.100s] -- Installing: /home/ugrp2025/cam_ws/install/yolo_msgs/include/yolo_msgs/msg/detail/point2_d__traits.hpp
[41.101s] -- Installing: /home/ugrp2025/cam_ws/install/yolo_msgs/include/yolo_msgs/msg/detail/key_point2_d_array__traits.hpp
[41.101s] -- Installing: /home/ugrp2025/cam_ws/install/yolo_msgs/include/yolo_msgs/msg/detail/key_point2_d__type_support.hpp
[41.101s] -- Installing: /home/ugrp2025/cam_ws/install/yolo_msgs/include/yolo_msgs/msg/detail/detection_array__type_support.hpp
[41.102s] -- Installing: /home/ugrp2025/cam_ws/install/yolo_msgs/include/yolo_msgs/msg/detail/bounding_box2_d__builder.hpp
[41.102s] -- Installing: /home/ugrp2025/cam_ws/install/yolo_msgs/include/yolo_msgs/msg/detail/key_point3_d__struct.hpp
[41.102s] -- Installing: /home/ugrp2025/cam_ws/install/yolo_msgs/include/yolo_msgs/msg/detail/key_point3_d_array__traits.hpp
[41.103s] -- Installing: /home/ugrp2025/cam_ws/install/yolo_msgs/include/yolo_msgs/msg/detail/key_point2_d__struct.hpp
[41.103s] -- Installing: /home/ugrp2025/cam_ws/install/yolo_msgs/include/yolo_msgs/msg/detail/key_point3_d_array__type_support.hpp
[41.103s] -- Installing: /home/ugrp2025/cam_ws/install/yolo_msgs/include/yolo_msgs/msg/detail/key_point2_d_array__builder.hpp
[41.104s] -- Installing: /home/ugrp2025/cam_ws/install/yolo_msgs/include/yolo_msgs/msg/detail/key_point2_d__traits.hpp
[41.104s] -- Installing: /home/ugrp2025/cam_ws/install/yolo_msgs/include/yolo_msgs/msg/detail/detection__traits.hpp
[41.105s] -- Installing: /home/ugrp2025/cam_ws/install/yolo_msgs/include/yolo_msgs/msg/detail/key_point2_d_array__struct.hpp
[41.105s] -- Installing: /home/ugrp2025/cam_ws/install/yolo_msgs/include/yolo_msgs/msg/detail/key_point3_d__type_support.hpp
[41.105s] -- Installing: /home/ugrp2025/cam_ws/install/yolo_msgs/include/yolo_msgs/msg/detail/mask__builder.hpp
[41.106s] -- Installing: /home/ugrp2025/cam_ws/install/yolo_msgs/include/yolo_msgs/msg/detail/vector2__type_support.hpp
[41.106s] -- Installing: /home/ugrp2025/cam_ws/install/yolo_msgs/include/yolo_msgs/msg/detail/bounding_box3_d__builder.hpp
[41.106s] -- Installing: /home/ugrp2025/cam_ws/install/yolo_msgs/include/yolo_msgs/msg/detail/bounding_box2_d__type_support.hpp
[41.107s] -- Installing: /home/ugrp2025/cam_ws/install/yolo_msgs/include/yolo_msgs/msg/detail/vector2__struct.hpp
[41.107s] -- Installing: /home/ugrp2025/cam_ws/install/yolo_msgs/include/yolo_msgs/msg/detail/bounding_box3_d__traits.hpp
[41.107s] -- Installing: /home/ugrp2025/cam_ws/install/yolo_msgs/include/yolo_msgs/msg/detail/key_point2_d__builder.hpp
[41.108s] -- Installing: /home/ugrp2025/cam_ws/install/yolo_msgs/include/yolo_msgs/msg/detail/pose2_d__type_support.hpp
[41.108s] -- Installing: /home/ugrp2025/cam_ws/install/yolo_msgs/include/yolo_msgs/msg/detail/detection_array__builder.hpp
[41.108s] -- Installing: /home/ugrp2025/cam_ws/install/yolo_msgs/include/yolo_msgs/msg/detail/pose2_d__struct.hpp
[41.109s] -- Installing: /home/ugrp2025/cam_ws/install/yolo_msgs/include/yolo_msgs/msg/detail/key_point3_d__builder.hpp
[41.109s] -- Installing: /home/ugrp2025/cam_ws/install/yolo_msgs/include/yolo_msgs/msg/detail/pose2_d__builder.hpp
[41.109s] -- Installing: /home/ugrp2025/cam_ws/install/yolo_msgs/include/yolo_msgs/msg/detail/vector2__traits.hpp
[41.109s] -- Installing: /home/ugrp2025/cam_ws/install/yolo_msgs/include/yolo_msgs/msg/detail/detection__type_support.hpp
[41.110s] -- Installing: /home/ugrp2025/cam_ws/install/yolo_msgs/include/yolo_msgs/msg/detail/point2_d__builder.hpp
[41.110s] -- Installing: /home/ugrp2025/cam_ws/install/yolo_msgs/include/yolo_msgs/msg/detail/key_point3_d__traits.hpp
[41.110s] -- Installing: /home/ugrp2025/cam_ws/install/yolo_msgs/include/yolo_msgs/msg/detail/detection_array__struct.hpp
[41.111s] -- Installing: /home/ugrp2025/cam_ws/install/yolo_msgs/include/yolo_msgs/msg/detail/mask__traits.hpp
[41.111s] -- Installing: /home/ugrp2025/cam_ws/install/yolo_msgs/include/yolo_msgs/msg/detail/vector2__builder.hpp
[41.111s] -- Installing: /home/ugrp2025/cam_ws/install/yolo_msgs/include/yolo_msgs/msg/detail/mask__type_support.hpp
[41.112s] -- Installing: /home/ugrp2025/cam_ws/install/yolo_msgs/include/yolo_msgs/msg/detail/mask__struct.hpp
[41.112s] -- Installing: /home/ugrp2025/cam_ws/install/yolo_msgs/include/yolo_msgs/msg/detail/key_point3_d_array__builder.hpp
[41.112s] -- Installing: /home/ugrp2025/cam_ws/install/yolo_msgs/include/yolo_msgs/msg/detail/point2_d__type_support.hpp
[41.112s] -- Installing: /home/ugrp2025/cam_ws/install/yolo_msgs/include/yolo_msgs/msg/detail/bounding_box2_d__struct.hpp
[41.112s] -- Installing: /home/ugrp2025/cam_ws/install/yolo_msgs/include/yolo_msgs/msg/detail/key_point3_d_array__struct.hpp
[41.113s] -- Installing: /home/ugrp2025/cam_ws/install/yolo_msgs/include/yolo_msgs/msg/pose2_d.hpp
[41.113s] -- Installing: /home/ugrp2025/cam_ws/install/yolo_msgs/include/yolo_msgs/msg/key_point2_d.hpp
[41.113s] -- Installing: /home/ugrp2025/cam_ws/install/yolo_msgs/include/yolo_msgs/msg/detection.hpp
[41.113s] -- Installing: /home/ugrp2025/cam_ws/install/yolo_msgs/include/yolo_msgs/msg/detection_array.hpp
[41.114s] -- Installing: /home/ugrp2025/cam_ws/install/yolo_msgs/include/yolo_msgs/msg/point2_d.hpp
[41.114s] -- Installing: /home/ugrp2025/cam_ws/install/yolo_msgs/include/yolo_msgs/msg/bounding_box3_d.hpp
[41.114s] -- Installing: /home/ugrp2025/cam_ws/install/yolo_msgs/include/yolo_msgs/msg/bounding_box2_d.hpp
[41.114s] -- Installing: /home/ugrp2025/cam_ws/install/yolo_msgs/include/yolo_msgs/msg/mask.hpp
[41.115s] -- Installing: /home/ugrp2025/cam_ws/install/yolo_msgs/include/yolo_msgs/msg/key_point2_d_array.hpp
[41.115s] -- Installing: /home/ugrp2025/cam_ws/install/yolo_msgs/include/yolo_msgs/msg/key_point3_d_array.hpp
[41.115s] -- Installing: /home/ugrp2025/cam_ws/install/yolo_msgs/include/yolo_msgs/msg/rosidl_generator_cpp__visibility_control.hpp
[41.115s] -- Up-to-date: /home/ugrp2025/cam_ws/install/yolo_msgs/include/yolo_msgs/srv
[41.116s] -- Up-to-date: /home/ugrp2025/cam_ws/install/yolo_msgs/include/yolo_msgs/srv/detail
[41.116s] -- Installing: /home/ugrp2025/cam_ws/install/yolo_msgs/include/yolo_msgs/srv/detail/set_classes__builder.hpp
[41.116s] -- Installing: /home/ugrp2025/cam_ws/install/yolo_msgs/include/yolo_msgs/srv/detail/set_classes__struct.hpp
[41.116s] -- Installing: /home/ugrp2025/cam_ws/install/yolo_msgs/include/yolo_msgs/srv/detail/set_classes__traits.hpp
[41.116s] -- Installing: /home/ugrp2025/cam_ws/install/yolo_msgs/include/yolo_msgs/srv/detail/set_classes__type_support.hpp
[41.117s] -- Installing: /home/ugrp2025/cam_ws/install/yolo_msgs/include/yolo_msgs/srv/set_classes.hpp
[41.117s] -- Up-to-date: /home/ugrp2025/cam_ws/install/yolo_msgs/include/yolo_msgs
[41.117s] -- Up-to-date: /home/ugrp2025/cam_ws/install/yolo_msgs/include/yolo_msgs/msg
[41.117s] -- Up-to-date: /home/ugrp2025/cam_ws/install/yolo_msgs/include/yolo_msgs/msg/detail
[41.117s] -- Installing: /home/ugrp2025/cam_ws/install/yolo_msgs/include/yolo_msgs/msg/detail/bounding_box2_d__rosidl_typesupport_introspection_cpp.hpp
[41.118s] -- Installing: /home/ugrp2025/cam_ws/install/yolo_msgs/include/yolo_msgs/msg/detail/bounding_box3_d__rosidl_typesupport_introspection_cpp.hpp
[41.118s] -- Installing: /home/ugrp2025/cam_ws/install/yolo_msgs/include/yolo_msgs/msg/detail/detection_array__type_support.cpp
[41.118s] -- Installing: /home/ugrp2025/cam_ws/install/yolo_msgs/include/yolo_msgs/msg/detail/point2_d__type_support.cpp
[41.118s] -- Installing: /home/ugrp2025/cam_ws/install/yolo_msgs/include/yolo_msgs/msg/detail/key_point2_d__rosidl_typesupport_introspection_cpp.hpp
[41.118s] -- Installing: /home/ugrp2025/cam_ws/install/yolo_msgs/include/yolo_msgs/msg/detail/detection_array__rosidl_typesupport_introspection_cpp.hpp
[41.119s] -- Installing: /home/ugrp2025/cam_ws/install/yolo_msgs/include/yolo_msgs/msg/detail/vector2__type_support.cpp
[41.119s] -- Installing: /home/ugrp2025/cam_ws/install/yolo_msgs/include/yolo_msgs/msg/detail/key_point3_d__rosidl_typesupport_introspection_cpp.hpp
[41.119s] -- Installing: /home/ugrp2025/cam_ws/install/yolo_msgs/include/yolo_msgs/msg/detail/key_point3_d_array__type_support.cpp
[41.119s] -- Installing: /home/ugrp2025/cam_ws/install/yolo_msgs/include/yolo_msgs/msg/detail/bounding_box3_d__type_support.cpp
[41.119s] -- Installing: /home/ugrp2025/cam_ws/install/yolo_msgs/include/yolo_msgs/msg/detail/mask__rosidl_typesupport_introspection_cpp.hpp
[41.120s] -- Installing: /home/ugrp2025/cam_ws/install/yolo_msgs/include/yolo_msgs/msg/detail/pose2_d__rosidl_typesupport_introspection_cpp.hpp
[41.120s] -- Installing: /home/ugrp2025/cam_ws/install/yolo_msgs/include/yolo_msgs/msg/detail/key_point3_d_array__rosidl_typesupport_introspection_cpp.hpp
[41.120s] -- Installing: /home/ugrp2025/cam_ws/install/yolo_msgs/include/yolo_msgs/msg/detail/vector2__rosidl_typesupport_introspection_cpp.hpp
[41.120s] -- Installing: /home/ugrp2025/cam_ws/install/yolo_msgs/include/yolo_msgs/msg/detail/key_point2_d__type_support.cpp
[41.120s] -- Installing: /home/ugrp2025/cam_ws/install/yolo_msgs/include/yolo_msgs/msg/detail/mask__type_support.cpp
[41.120s] -- Installing: /home/ugrp2025/cam_ws/install/yolo_msgs/include/yolo_msgs/msg/detail/bounding_box2_d__type_support.cpp
[41.121s] -- Installing: /home/ugrp2025/cam_ws/install/yolo_msgs/include/yolo_msgs/msg/detail/point2_d__rosidl_typesupport_introspection_cpp.hpp
[41.121s] -- Installing: /home/ugrp2025/cam_ws/install/yolo_msgs/include/yolo_msgs/msg/detail/detection__rosidl_typesupport_introspection_cpp.hpp
[41.121s] -- Installing: /home/ugrp2025/cam_ws/install/yolo_msgs/include/yolo_msgs/msg/detail/detection__type_support.cpp
[41.121s] -- Installing: /home/ugrp2025/cam_ws/install/yolo_msgs/include/yolo_msgs/msg/detail/pose2_d__type_support.cpp
[41.121s] -- Installing: /home/ugrp2025/cam_ws/install/yolo_msgs/include/yolo_msgs/msg/detail/key_point3_d__type_support.cpp
[41.122s] -- Installing: /home/ugrp2025/cam_ws/install/yolo_msgs/include/yolo_msgs/msg/detail/key_point2_d_array__rosidl_typesupport_introspection_cpp.hpp
[41.122s] -- Installing: /home/ugrp2025/cam_ws/install/yolo_msgs/include/yolo_msgs/msg/detail/key_point2_d_array__type_support.cpp
[41.122s] -- Up-to-date: /home/ugrp2025/cam_ws/install/yolo_msgs/include/yolo_msgs/srv
[41.122s] -- Up-to-date: /home/ugrp2025/cam_ws/install/yolo_msgs/include/yolo_msgs/srv/detail
[41.122s] -- Installing: /home/ugrp2025/cam_ws/install/yolo_msgs/include/yolo_msgs/srv/detail/set_classes__rosidl_typesupport_introspection_cpp.hpp
[41.122s] -- Installing: /home/ugrp2025/cam_ws/install/yolo_msgs/include/yolo_msgs/srv/detail/set_classes__type_support.cpp
[41.123s] -- Installing: /home/ugrp2025/cam_ws/install/yolo_msgs/lib/libyolo_msgs__rosidl_typesupport_introspection_cpp.so
[41.123s] -- Set runtime path of "/home/ugrp2025/cam_ws/install/yolo_msgs/lib/libyolo_msgs__rosidl_typesupport_introspection_cpp.so" to ""
[41.123s] -- Installing: /home/ugrp2025/cam_ws/install/yolo_msgs/lib/libyolo_msgs__rosidl_typesupport_cpp.so
[41.123s] -- Set runtime path of "/home/ugrp2025/cam_ws/install/yolo_msgs/lib/libyolo_msgs__rosidl_typesupport_cpp.so" to ""
[41.123s] -- Installing: /home/ugrp2025/cam_ws/install/yolo_msgs/share/yolo_msgs/environment/pythonpath.sh
[41.123s] -- Installing: /home/ugrp2025/cam_ws/install/yolo_msgs/share/yolo_msgs/environment/pythonpath.dsv
[41.124s] -- Installing: /home/ugrp2025/cam_ws/install/yolo_msgs/lib/python3.8/site-packages/yolo_msgs/__init__.py
[41.265s] Compiling '/home/ugrp2025/cam_ws/install/yolo_msgs/lib/python3.8/site-packages/yolo_msgs/__init__.py'...
[41.279s] -- Installing: /home/ugrp2025/cam_ws/install/yolo_msgs/lib/python3.8/site-packages/yolo_msgs/msg
[41.279s] -- Installing: /home/ugrp2025/cam_ws/install/yolo_msgs/lib/python3.8/site-packages/yolo_msgs/msg/_vector2.py
[41.279s] -- Installing: /home/ugrp2025/cam_ws/install/yolo_msgs/lib/python3.8/site-packages/yolo_msgs/msg/_detection_s.c
[41.280s] -- Installing: /home/ugrp2025/cam_ws/install/yolo_msgs/lib/python3.8/site-packages/yolo_msgs/msg/_key_point2_d.py
[41.280s] -- Installing: /home/ugrp2025/cam_ws/install/yolo_msgs/lib/python3.8/site-packages/yolo_msgs/msg/_key_point2_d_array_s.c
[41.280s] -- Installing: /home/ugrp2025/cam_ws/install/yolo_msgs/lib/python3.8/site-packages/yolo_msgs/msg/_detection.py
[41.281s] -- Installing: /home/ugrp2025/cam_ws/install/yolo_msgs/lib/python3.8/site-packages/yolo_msgs/msg/_pose2_d_s.c
[41.281s] -- Installing: /home/ugrp2025/cam_ws/install/yolo_msgs/lib/python3.8/site-packages/yolo_msgs/msg/_key_point2_d_array.py
[41.281s] -- Installing: /home/ugrp2025/cam_ws/install/yolo_msgs/lib/python3.8/site-packages/yolo_msgs/msg/_key_point3_d.py
[41.282s] -- Installing: /home/ugrp2025/cam_ws/install/yolo_msgs/lib/python3.8/site-packages/yolo_msgs/msg/_key_point3_d_array.py
[41.282s] -- Installing: /home/ugrp2025/cam_ws/install/yolo_msgs/lib/python3.8/site-packages/yolo_msgs/msg/_vector2_s.c
[41.282s] -- Installing: /home/ugrp2025/cam_ws/install/yolo_msgs/lib/python3.8/site-packages/yolo_msgs/msg/_pose2_d.py
[41.283s] -- Installing: /home/ugrp2025/cam_ws/install/yolo_msgs/lib/python3.8/site-packages/yolo_msgs/msg/_detection_array_s.c
[41.283s] -- Installing: /home/ugrp2025/cam_ws/install/yolo_msgs/lib/python3.8/site-packages/yolo_msgs/msg/_bounding_box2_d_s.c
[41.283s] -- Installing: /home/ugrp2025/cam_ws/install/yolo_msgs/lib/python3.8/site-packages/yolo_msgs/msg/_key_point3_d_s.c
[41.284s] -- Installing: /home/ugrp2025/cam_ws/install/yolo_msgs/lib/python3.8/site-packages/yolo_msgs/msg/_bounding_box3_d_s.c
[41.284s] -- Installing: /home/ugrp2025/cam_ws/install/yolo_msgs/lib/python3.8/site-packages/yolo_msgs/msg/_bounding_box3_d.py
[41.284s] -- Installing: /home/ugrp2025/cam_ws/install/yolo_msgs/lib/python3.8/site-packages/yolo_msgs/msg/_key_point2_d_s.c
[41.285s] -- Installing: /home/ugrp2025/cam_ws/install/yolo_msgs/lib/python3.8/site-packages/yolo_msgs/msg/_point2_d.py
[41.285s] -- Installing: /home/ugrp2025/cam_ws/install/yolo_msgs/lib/python3.8/site-packages/yolo_msgs/msg/_point2_d_s.c
[41.285s] -- Installing: /home/ugrp2025/cam_ws/install/yolo_msgs/lib/python3.8/site-packages/yolo_msgs/msg/_mask.py
[41.285s] -- Installing: /home/ugrp2025/cam_ws/install/yolo_msgs/lib/python3.8/site-packages/yolo_msgs/msg/_bounding_box2_d.py
[41.286s] -- Installing: /home/ugrp2025/cam_ws/install/yolo_msgs/lib/python3.8/site-packages/yolo_msgs/msg/_detection_array.py
[41.286s] -- Installing: /home/ugrp2025/cam_ws/install/yolo_msgs/lib/python3.8/site-packages/yolo_msgs/msg/__init__.py
[41.286s] -- Installing: /home/ugrp2025/cam_ws/install/yolo_msgs/lib/python3.8/site-packages/yolo_msgs/msg/_mask_s.c
[41.286s] -- Installing: /home/ugrp2025/cam_ws/install/yolo_msgs/lib/python3.8/site-packages/yolo_msgs/msg/_key_point3_d_array_s.c
[41.287s] -- Installing: /home/ugrp2025/cam_ws/install/yolo_msgs/lib/python3.8/site-packages/yolo_msgs/srv
[41.287s] -- Installing: /home/ugrp2025/cam_ws/install/yolo_msgs/lib/python3.8/site-packages/yolo_msgs/srv/_set_classes_s.c
[41.287s] -- Installing: /home/ugrp2025/cam_ws/install/yolo_msgs/lib/python3.8/site-packages/yolo_msgs/srv/_set_classes.py
[41.288s] -- Installing: /home/ugrp2025/cam_ws/install/yolo_msgs/lib/python3.8/site-packages/yolo_msgs/srv/__init__.py
[41.288s] -- Installing: /home/ugrp2025/cam_ws/install/yolo_msgs/lib/python3.8/site-packages/yolo_msgs/yolo_msgs_s__rosidl_typesupport_fastrtps_c.cpython-38-aarch64-linux-gnu.so
[41.288s] -- Set runtime path of "/home/ugrp2025/cam_ws/install/yolo_msgs/lib/python3.8/site-packages/yolo_msgs/yolo_msgs_s__rosidl_typesupport_fastrtps_c.cpython-38-aarch64-linux-gnu.so" to ""
[41.288s] -- Installing: /home/ugrp2025/cam_ws/install/yolo_msgs/lib/python3.8/site-packages/yolo_msgs/yolo_msgs_s__rosidl_typesupport_introspection_c.cpython-38-aarch64-linux-gnu.so
[41.289s] -- Set runtime path of "/home/ugrp2025/cam_ws/install/yolo_msgs/lib/python3.8/site-packages/yolo_msgs/yolo_msgs_s__rosidl_typesupport_introspection_c.cpython-38-aarch64-linux-gnu.so" to ""
[41.289s] -- Installing: /home/ugrp2025/cam_ws/install/yolo_msgs/lib/python3.8/site-packages/yolo_msgs/yolo_msgs_s__rosidl_typesupport_c.cpython-38-aarch64-linux-gnu.so
[41.290s] -- Set runtime path of "/home/ugrp2025/cam_ws/install/yolo_msgs/lib/python3.8/site-packages/yolo_msgs/yolo_msgs_s__rosidl_typesupport_c.cpython-38-aarch64-linux-gnu.so" to ""
[41.290s] -- Installing: /home/ugrp2025/cam_ws/install/yolo_msgs/lib/libyolo_msgs__python.so
[41.291s] -- Set runtime path of "/home/ugrp2025/cam_ws/install/yolo_msgs/lib/libyolo_msgs__python.so" to ""
[41.291s] -- Installing: /home/ugrp2025/cam_ws/install/yolo_msgs/share/yolo_msgs/msg/Point2D.idl
[41.292s] -- Installing: /home/ugrp2025/cam_ws/install/yolo_msgs/share/yolo_msgs/msg/Vector2.idl
[41.292s] -- Installing: /home/ugrp2025/cam_ws/install/yolo_msgs/share/yolo_msgs/msg/Pose2D.idl
[41.292s] -- Installing: /home/ugrp2025/cam_ws/install/yolo_msgs/share/yolo_msgs/msg/BoundingBox2D.idl
[41.293s] -- Installing: /home/ugrp2025/cam_ws/install/yolo_msgs/share/yolo_msgs/msg/BoundingBox3D.idl
[41.293s] -- Installing: /home/ugrp2025/cam_ws/install/yolo_msgs/share/yolo_msgs/msg/Mask.idl
[41.293s] -- Installing: /home/ugrp2025/cam_ws/install/yolo_msgs/share/yolo_msgs/msg/KeyPoint2D.idl
[41.293s] -- Installing: /home/ugrp2025/cam_ws/install/yolo_msgs/share/yolo_msgs/msg/KeyPoint2DArray.idl
[41.294s] -- Installing: /home/ugrp2025/cam_ws/install/yolo_msgs/share/yolo_msgs/msg/KeyPoint3D.idl
[41.294s] -- Installing: /home/ugrp2025/cam_ws/install/yolo_msgs/share/yolo_msgs/msg/KeyPoint3DArray.idl
[41.294s] -- Installing: /home/ugrp2025/cam_ws/install/yolo_msgs/share/yolo_msgs/msg/Detection.idl
[41.295s] -- Installing: /home/ugrp2025/cam_ws/install/yolo_msgs/share/yolo_msgs/msg/DetectionArray.idl
[41.295s] -- Installing: /home/ugrp2025/cam_ws/install/yolo_msgs/share/yolo_msgs/srv/SetClasses.idl
[41.295s] -- Installing: /home/ugrp2025/cam_ws/install/yolo_msgs/share/yolo_msgs/msg/Point2D.msg
[41.296s] -- Installing: /home/ugrp2025/cam_ws/install/yolo_msgs/share/yolo_msgs/msg/Vector2.msg
[41.296s] -- Installing: /home/ugrp2025/cam_ws/install/yolo_msgs/share/yolo_msgs/msg/Pose2D.msg
[41.296s] -- Installing: /home/ugrp2025/cam_ws/install/yolo_msgs/share/yolo_msgs/msg/BoundingBox2D.msg
[41.296s] -- Installing: /home/ugrp2025/cam_ws/install/yolo_msgs/share/yolo_msgs/msg/BoundingBox3D.msg
[41.297s] -- Installing: /home/ugrp2025/cam_ws/install/yolo_msgs/share/yolo_msgs/msg/Mask.msg
[41.297s] -- Installing: /home/ugrp2025/cam_ws/install/yolo_msgs/share/yolo_msgs/msg/KeyPoint2D.msg
[41.297s] -- Installing: /home/ugrp2025/cam_ws/install/yolo_msgs/share/yolo_msgs/msg/KeyPoint2DArray.msg
[41.298s] -- Installing: /home/ugrp2025/cam_ws/install/yolo_msgs/share/yolo_msgs/msg/KeyPoint3D.msg
[41.298s] -- Installing: /home/ugrp2025/cam_ws/install/yolo_msgs/share/yolo_msgs/msg/KeyPoint3DArray.msg
[41.298s] -- Installing: /home/ugrp2025/cam_ws/install/yolo_msgs/share/yolo_msgs/msg/Detection.msg
[41.298s] -- Installing: /home/ugrp2025/cam_ws/install/yolo_msgs/share/yolo_msgs/msg/DetectionArray.msg
[41.299s] -- Installing: /home/ugrp2025/cam_ws/install/yolo_msgs/share/yolo_msgs/srv/SetClasses.srv
[41.299s] -- Installing: /home/ugrp2025/cam_ws/install/yolo_msgs/share/yolo_msgs/srv/SetClasses_Request.msg
[41.299s] -- Installing: /home/ugrp2025/cam_ws/install/yolo_msgs/share/yolo_msgs/srv/SetClasses_Response.msg
[41.300s] -- Installing: /home/ugrp2025/cam_ws/install/yolo_msgs/share/ament_index/resource_index/package_run_dependencies/yolo_msgs
[41.300s] -- Installing: /home/ugrp2025/cam_ws/install/yolo_msgs/share/ament_index/resource_index/parent_prefix_path/yolo_msgs
[41.301s] -- Installing: /home/ugrp2025/cam_ws/install/yolo_msgs/share/yolo_msgs/environment/ament_prefix_path.sh
[41.301s] -- Installing: /home/ugrp2025/cam_ws/install/yolo_msgs/share/yolo_msgs/environment/ament_prefix_path.dsv
[41.301s] -- Installing: /home/ugrp2025/cam_ws/install/yolo_msgs/share/yolo_msgs/environment/path.sh
[41.301s] -- Installing: /home/ugrp2025/cam_ws/install/yolo_msgs/share/yolo_msgs/environment/path.dsv
[41.302s] -- Installing: /home/ugrp2025/cam_ws/install/yolo_msgs/share/yolo_msgs/local_setup.bash
[41.302s] -- Installing: /home/ugrp2025/cam_ws/install/yolo_msgs/share/yolo_msgs/local_setup.sh
[41.302s] -- Installing: /home/ugrp2025/cam_ws/install/yolo_msgs/share/yolo_msgs/local_setup.zsh
[41.303s] -- Installing: /home/ugrp2025/cam_ws/install/yolo_msgs/share/yolo_msgs/local_setup.dsv
[41.303s] -- Installing: /home/ugrp2025/cam_ws/install/yolo_msgs/share/yolo_msgs/package.dsv
[41.303s] -- Installing: /home/ugrp2025/cam_ws/install/yolo_msgs/share/ament_index/resource_index/packages/yolo_msgs
[41.304s] -- Installing: /home/ugrp2025/cam_ws/install/yolo_msgs/share/yolo_msgs/cmake/yolo_msgs__rosidl_generator_cExport.cmake
[41.304s] -- Installing: /home/ugrp2025/cam_ws/install/yolo_msgs/share/yolo_msgs/cmake/yolo_msgs__rosidl_generator_cExport-noconfig.cmake
[41.305s] -- Installing: /home/ugrp2025/cam_ws/install/yolo_msgs/share/yolo_msgs/cmake/yolo_msgs__rosidl_typesupport_introspection_cExport.cmake
[41.305s] -- Installing: /home/ugrp2025/cam_ws/install/yolo_msgs/share/yolo_msgs/cmake/yolo_msgs__rosidl_typesupport_introspection_cExport-noconfig.cmake
[41.305s] -- Installing: /home/ugrp2025/cam_ws/install/yolo_msgs/share/yolo_msgs/cmake/yolo_msgs__rosidl_typesupport_cExport.cmake
[41.306s] -- Installing: /home/ugrp2025/cam_ws/install/yolo_msgs/share/yolo_msgs/cmake/yolo_msgs__rosidl_typesupport_cExport-noconfig.cmake
[41.306s] -- Installing: /home/ugrp2025/cam_ws/install/yolo_msgs/share/yolo_msgs/cmake/yolo_msgs__rosidl_generator_cppExport.cmake
[41.307s] -- Installing: /home/ugrp2025/cam_ws/install/yolo_msgs/share/yolo_msgs/cmake/yolo_msgs__rosidl_typesupport_introspection_cppExport.cmake
[41.307s] -- Installing: /home/ugrp2025/cam_ws/install/yolo_msgs/share/yolo_msgs/cmake/yolo_msgs__rosidl_typesupport_introspection_cppExport-noconfig.cmake
[41.307s] -- Installing: /home/ugrp2025/cam_ws/install/yolo_msgs/share/yolo_msgs/cmake/yolo_msgs__rosidl_typesupport_cppExport.cmake
[41.308s] -- Installing: /home/ugrp2025/cam_ws/install/yolo_msgs/share/yolo_msgs/cmake/yolo_msgs__rosidl_typesupport_cppExport-noconfig.cmake
[41.308s] -- Installing: /home/ugrp2025/cam_ws/install/yolo_msgs/share/yolo_msgs/cmake/rosidl_cmake-extras.cmake
[41.308s] -- Installing: /home/ugrp2025/cam_ws/install/yolo_msgs/share/yolo_msgs/cmake/ament_cmake_export_dependencies-extras.cmake
[41.308s] -- Installing: /home/ugrp2025/cam_ws/install/yolo_msgs/share/yolo_msgs/cmake/ament_cmake_export_libraries-extras.cmake
[41.309s] -- Installing: /home/ugrp2025/cam_ws/install/yolo_msgs/share/yolo_msgs/cmake/ament_cmake_export_targets-extras.cmake
[41.309s] -- Installing: /home/ugrp2025/cam_ws/install/yolo_msgs/share/yolo_msgs/cmake/ament_cmake_export_include_directories-extras.cmake
[41.309s] -- Installing: /home/ugrp2025/cam_ws/install/yolo_msgs/share/yolo_msgs/cmake/rosidl_cmake_export_typesupport_libraries-extras.cmake
[41.310s] -- Installing: /home/ugrp2025/cam_ws/install/yolo_msgs/share/yolo_msgs/cmake/rosidl_cmake_export_typesupport_targets-extras.cmake
[41.310s] -- Installing: /home/ugrp2025/cam_ws/install/yolo_msgs/share/yolo_msgs/cmake/yolo_msgsConfig.cmake
[41.310s] -- Installing: /home/ugrp2025/cam_ws/install/yolo_msgs/share/yolo_msgs/cmake/yolo_msgsConfig-version.cmake
[41.311s] -- Installing: /home/ugrp2025/cam_ws/install/yolo_msgs/share/yolo_msgs/package.xml
[41.321s] Invoked command in '/home/ugrp2025/cam_ws/build/yolo_msgs' returned '0': CMAKE_PREFIX_PATH=/opt/ros/foxy /usr/bin/cmake --install /home/ugrp2025/cam_ws/build/yolo_msgs
