[2.506s] Invoking command in '/home/ugrp2025/cam_ws/src/yolo_ros/yolo_ros': AMENT_PREFIX_PATH=/home/ugrp2025/cam_ws/install/yolo_msgs:${AMENT_PREFIX_PATH} CMAKE_PREFIX_PATH=/home/ugrp2025/cam_ws/install/yolo_msgs LD_LIBRARY_PATH=/home/ugrp2025/cam_ws/install/yolo_msgs/lib:${LD_LIBRARY_PATH} PYTHONPATH=/home/ugrp2025/cam_ws/build/yolo_ros/prefix_override:/usr/lib/python3/dist-packages/colcon_core/task/python/colcon_distutils_commands:/home/ugrp2025/cam_ws/install/yolo_ros/lib/python3.8/site-packages:/home/ugrp2025/cam_ws/install/yolo_msgs/lib/python3.8/site-packages:${PYTHONPATH} /usr/bin/python3 -W ignore:setup.py install is deprecated -W ignore:easy_install command is deprecated setup.py egg_info --egg-base ../../../build/yolo_ros build --build-base /home/ugrp2025/cam_ws/build/yolo_ros/build install --record /home/ugrp2025/cam_ws/build/yolo_ros/install.log --single-version-externally-managed install_data
[3.000s] running egg_info
[3.001s] creating ../../../build/yolo_ros/yolo_ros.egg-info
[3.001s] writing ../../../build/yolo_ros/yolo_ros.egg-info/PKG-INFO
[3.002s] writing dependency_links to ../../../build/yolo_ros/yolo_ros.egg-info/dependency_links.txt
[3.002s] writing entry points to ../../../build/yolo_ros/yolo_ros.egg-info/entry_points.txt
[3.003s] writing requirements to ../../../build/yolo_ros/yolo_ros.egg-info/requires.txt
[3.003s] writing top-level names to ../../../build/yolo_ros/yolo_ros.egg-info/top_level.txt
[3.006s] writing manifest file '../../../build/yolo_ros/yolo_ros.egg-info/SOURCES.txt'
[3.071s] reading manifest file '../../../build/yolo_ros/yolo_ros.egg-info/SOURCES.txt'
[3.072s] writing manifest file '../../../build/yolo_ros/yolo_ros.egg-info/SOURCES.txt'
[3.072s] running build
[3.073s] running build_py
[3.073s] creating /home/ugrp2025/cam_ws/build/yolo_ros/build
[3.073s] creating /home/ugrp2025/cam_ws/build/yolo_ros/build/lib
[3.073s] creating /home/ugrp2025/cam_ws/build/yolo_ros/build/lib/yolo_ros
[3.074s] copying yolo_ros/yolo_node.py -> /home/ugrp2025/cam_ws/build/yolo_ros/build/lib/yolo_ros
[3.074s] copying yolo_ros/detect_3d_node.py -> /home/ugrp2025/cam_ws/build/yolo_ros/build/lib/yolo_ros
[3.074s] copying yolo_ros/tracking_node.py -> /home/ugrp2025/cam_ws/build/yolo_ros/build/lib/yolo_ros
[3.075s] copying yolo_ros/__init__.py -> /home/ugrp2025/cam_ws/build/yolo_ros/build/lib/yolo_ros
[3.075s] copying yolo_ros/debug_node.py -> /home/ugrp2025/cam_ws/build/yolo_ros/build/lib/yolo_ros
[3.075s] running install
[3.078s] running install_lib
[3.080s] creating /home/ugrp2025/cam_ws/install/yolo_ros/lib/python3.8/site-packages/yolo_ros
[3.080s] copying /home/ugrp2025/cam_ws/build/yolo_ros/build/lib/yolo_ros/yolo_node.py -> /home/ugrp2025/cam_ws/install/yolo_ros/lib/python3.8/site-packages/yolo_ros
[3.081s] copying /home/ugrp2025/cam_ws/build/yolo_ros/build/lib/yolo_ros/detect_3d_node.py -> /home/ugrp2025/cam_ws/install/yolo_ros/lib/python3.8/site-packages/yolo_ros
[3.081s] copying /home/ugrp2025/cam_ws/build/yolo_ros/build/lib/yolo_ros/tracking_node.py -> /home/ugrp2025/cam_ws/install/yolo_ros/lib/python3.8/site-packages/yolo_ros
[3.082s] copying /home/ugrp2025/cam_ws/build/yolo_ros/build/lib/yolo_ros/__init__.py -> /home/ugrp2025/cam_ws/install/yolo_ros/lib/python3.8/site-packages/yolo_ros
[3.082s] copying /home/ugrp2025/cam_ws/build/yolo_ros/build/lib/yolo_ros/debug_node.py -> /home/ugrp2025/cam_ws/install/yolo_ros/lib/python3.8/site-packages/yolo_ros
[3.083s] byte-compiling /home/ugrp2025/cam_ws/install/yolo_ros/lib/python3.8/site-packages/yolo_ros/yolo_node.py to yolo_node.cpython-38.pyc
[3.090s] byte-compiling /home/ugrp2025/cam_ws/install/yolo_ros/lib/python3.8/site-packages/yolo_ros/detect_3d_node.py to detect_3d_node.cpython-38.pyc
[3.094s] byte-compiling /home/ugrp2025/cam_ws/install/yolo_ros/lib/python3.8/site-packages/yolo_ros/tracking_node.py to tracking_node.cpython-38.pyc
[3.096s] byte-compiling /home/ugrp2025/cam_ws/install/yolo_ros/lib/python3.8/site-packages/yolo_ros/__init__.py to __init__.cpython-38.pyc
[3.097s] byte-compiling /home/ugrp2025/cam_ws/install/yolo_ros/lib/python3.8/site-packages/yolo_ros/debug_node.py to debug_node.cpython-38.pyc
[3.100s] running install_data
[3.100s] creating /home/ugrp2025/cam_ws/install/yolo_ros/share/ament_index
[3.101s] creating /home/ugrp2025/cam_ws/install/yolo_ros/share/ament_index/resource_index
[3.101s] creating /home/ugrp2025/cam_ws/install/yolo_ros/share/ament_index/resource_index/packages
[3.101s] copying resource/yolo_ros -> /home/ugrp2025/cam_ws/install/yolo_ros/share/ament_index/resource_index/packages
[3.101s] copying package.xml -> /home/ugrp2025/cam_ws/install/yolo_ros/share/yolo_ros
[3.101s] running install_egg_info
[3.106s] Copying ../../../build/yolo_ros/yolo_ros.egg-info to /home/ugrp2025/cam_ws/install/yolo_ros/lib/python3.8/site-packages/yolo_ros-0.0.0-py3.8.egg-info
[3.108s] running install_scripts
[3.148s] Installing debug_node script to /home/ugrp2025/cam_ws/install/yolo_ros/lib/yolo_ros
[3.148s] Installing detect_3d_node script to /home/ugrp2025/cam_ws/install/yolo_ros/lib/yolo_ros
[3.148s] Installing tracking_node script to /home/ugrp2025/cam_ws/install/yolo_ros/lib/yolo_ros
[3.148s] Installing yolo_node script to /home/ugrp2025/cam_ws/install/yolo_ros/lib/yolo_ros
[3.149s] writing list of installed files to '/home/ugrp2025/cam_ws/build/yolo_ros/install.log'
[3.241s] Invoked command in '/home/ugrp2025/cam_ws/src/yolo_ros/yolo_ros' returned '0': AMENT_PREFIX_PATH=/home/ugrp2025/cam_ws/install/yolo_msgs:${AMENT_PREFIX_PATH} CMAKE_PREFIX_PATH=/home/ugrp2025/cam_ws/install/yolo_msgs LD_LIBRARY_PATH=/home/ugrp2025/cam_ws/install/yolo_msgs/lib:${LD_LIBRARY_PATH} PYTHONPATH=/home/ugrp2025/cam_ws/build/yolo_ros/prefix_override:/usr/lib/python3/dist-packages/colcon_core/task/python/colcon_distutils_commands:/home/ugrp2025/cam_ws/install/yolo_ros/lib/python3.8/site-packages:/home/ugrp2025/cam_ws/install/yolo_msgs/lib/python3.8/site-packages:${PYTHONPATH} /usr/bin/python3 -W ignore:setup.py install is deprecated -W ignore:easy_install command is deprecated setup.py egg_info --egg-base ../../../build/yolo_ros build --build-base /home/ugrp2025/cam_ws/build/yolo_ros/build install --record /home/ugrp2025/cam_ws/build/yolo_ros/install.log --single-version-externally-managed install_data
