[0.052s] Invoking command in '/home/ugrp2025/cam_ws/build/realsense2_camera_msgs': CMAKE_PREFIX_PATH=/opt/ros/foxy /usr/bin/cmake /home/ugrp2025/cam_ws/src/realsense-ros/realsense2_camera_msgs -DUSE_LIFECYCLE_NODE=ON -DCMAKE_INSTALL_PREFIX=/home/ugrp2025/cam_ws/install/realsense2_camera_msgs
[0.090s] -- Found ament_cmake: 0.9.12 (/opt/ros/foxy/share/ament_cmake/cmake)
[0.254s] -- Found PythonInterp: /home/ugrp2025/.pyenv/shims/python3 (found suitable version "3.8.10", minimum required is "3") 
[0.255s] -- Using PYTHON_EXECUTABLE: /home/ugrp2025/.pyenv/shims/python3
[0.978s] -- Found rosidl_default_generators: 1.0.1 (/opt/ros/foxy/share/rosidl_default_generators/cmake)
[0.992s] -- Using all available rosidl_typesupport_c: rosidl_typesupport_fastrtps_c;rosidl_typesupport_introspection_c
[1.005s] -- Found rosidl_adapter: 1.3.1 (/opt/ros/foxy/share/rosidl_adapter/cmake)
[1.518s] -- Found OpenSSL: /usr/lib/aarch64-linux-gnu/libcrypto.so (found version "1.1.1f")  
[1.584s] -- Found FastRTPS: /opt/ros/foxy/include  
[1.751s] -- Using all available rosidl_typesupport_cpp: rosidl_typesupport_fastrtps_cpp;rosidl_typesupport_introspection_cpp
[1.962s] -- Found builtin_interfaces: 1.0.0 (/opt/ros/foxy/share/builtin_interfaces/cmake)
[1.991s] -- Found std_msgs: 2.0.5 (/opt/ros/foxy/share/std_msgs/cmake)
[2.023s] -- Found sensor_msgs: 2.0.5 (/opt/ros/foxy/share/sensor_msgs/cmake)
[2.516s] -- Found PythonInterp: /home/ugrp2025/.pyenv/shims/python3 (found version "3.8.10") 
[3.906s] -- Found ament_cmake_cppcheck: 0.9.8 (/opt/ros/foxy/share/ament_cmake_cppcheck/cmake)
[3.909s] -- Found ament_cmake_cpplint: 0.9.8 (/opt/ros/foxy/share/ament_cmake_cpplint/cmake)
[3.913s] -- Found ament_cmake_uncrustify: 0.9.8 (/opt/ros/foxy/share/ament_cmake_uncrustify/cmake)
[3.917s] -- Found ament_cmake_ros: 0.9.2 (/opt/ros/foxy/share/ament_cmake_ros/cmake)
[5.262s] -- Using all available rosidl_typesupport_c: rosidl_typesupport_fastrtps_c;rosidl_typesupport_introspection_c
[6.036s] -- Using all available rosidl_typesupport_cpp: rosidl_typesupport_fastrtps_cpp;rosidl_typesupport_introspection_cpp
[6.338s] -- Found PythonInterp: /home/ugrp2025/.pyenv/shims/python3 (found suitable version "3.8.10", minimum required is "3.5") 
[6.486s] -- Found python_cmake_module: 0.8.1 (/opt/ros/foxy/share/python_cmake_module/cmake)
[6.822s] -- Found PythonLibs: /usr/lib/aarch64-linux-gnu/libpython3.8.so (found suitable version "3.8.10", minimum required is "3.5") 
[6.823s] -- Using PYTHON_EXECUTABLE: /home/ugrp2025/.pyenv/shims/python3
[6.823s] -- Using PYTHON_INCLUDE_DIRS: /usr/include/python3.8
[6.823s] -- Using PYTHON_LIBRARIES: /usr/lib/aarch64-linux-gnu/libpython3.8.so
[6.972s] -- Found PythonExtra: .so  
[7.545s] -- Found ament_cmake_flake8: 0.9.8 (/opt/ros/foxy/share/ament_cmake_flake8/cmake)
[7.548s] -- Found ament_cmake_pep257: 0.9.8 (/opt/ros/foxy/share/ament_cmake_pep257/cmake)
[7.712s] -- Configuring done
[7.985s] -- Generating done
[8.032s] -- Build files have been written to: /home/ugrp2025/cam_ws/build/realsense2_camera_msgs
[8.092s] Invoked command in '/home/ugrp2025/cam_ws/build/realsense2_camera_msgs' returned '0': CMAKE_PREFIX_PATH=/opt/ros/foxy /usr/bin/cmake /home/ugrp2025/cam_ws/src/realsense-ros/realsense2_camera_msgs -DUSE_LIFECYCLE_NODE=ON -DCMAKE_INSTALL_PREFIX=/home/ugrp2025/cam_ws/install/realsense2_camera_msgs
[8.098s] Invoking command in '/home/ugrp2025/cam_ws/build/realsense2_camera_msgs': CMAKE_PREFIX_PATH=/opt/ros/foxy /usr/bin/cmake --build /home/ugrp2025/cam_ws/build/realsense2_camera_msgs -- -j6 -l6
[8.197s] [35m[1mScanning dependencies of target realsense2_camera_msgs__cpp[0m
[8.199s] [  1%] [34m[1mGenerating C code for ROS interfaces[0m
[8.227s] [  3%] [34m[1mGenerating C++ code for ROS interfaces[0m
[10.559s] [35m[1mScanning dependencies of target realsense2_camera_msgs__rosidl_generator_c[0m
[10.707s] [  6%] [32mBuilding C object CMakeFiles/realsense2_camera_msgs__rosidl_generator_c.dir/rosidl_generator_c/realsense2_camera_msgs/msg/detail/imu_info__functions.c.o[0m
[10.707s] [  6%] [32mBuilding C object CMakeFiles/realsense2_camera_msgs__rosidl_generator_c.dir/rosidl_generator_c/realsense2_camera_msgs/msg/detail/extrinsics__functions.c.o[0m
[10.710s] [  7%] [32mBuilding C object CMakeFiles/realsense2_camera_msgs__rosidl_generator_c.dir/rosidl_generator_c/realsense2_camera_msgs/msg/detail/metadata__functions.c.o[0m
[10.733s] [  9%] [32mBuilding C object CMakeFiles/realsense2_camera_msgs__rosidl_generator_c.dir/rosidl_generator_c/realsense2_camera_msgs/srv/detail/device_info__functions.c.o[0m
[10.745s] [ 11%] [32mBuilding C object CMakeFiles/realsense2_camera_msgs__rosidl_generator_c.dir/rosidl_generator_c/realsense2_camera_msgs/msg/detail/rgbd__functions.c.o[0m
[11.137s] [ 12%] [32m[1mLinking C shared library librealsense2_camera_msgs__rosidl_generator_c.so[0m
[11.210s] [ 12%] Built target realsense2_camera_msgs__cpp
[11.239s] [ 14%] [34m[1mGenerating C++ type support dispatch for ROS interfaces[0m
[11.241s] [ 15%] [34m[1mGenerating C++ type support for eProsima Fast-RTPS[0m
[11.243s] [ 17%] [34m[1mGenerating C++ introspection for ROS interfaces[0m
[11.278s] [ 17%] Built target realsense2_camera_msgs__rosidl_generator_c
[11.336s] [ 19%] [34m[1mGenerating C introspection for ROS interfaces[0m
[11.352s] [ 20%] [34m[1mGenerating C type support dispatch for ROS interfaces[0m
[13.165s] [35m[1mScanning dependencies of target realsense2_camera_msgs__rosidl_typesupport_introspection_cpp[0m
[13.370s] [ 22%] [32mBuilding CXX object CMakeFiles/realsense2_camera_msgs__rosidl_typesupport_introspection_cpp.dir/rosidl_typesupport_introspection_cpp/realsense2_camera_msgs/msg/detail/imu_info__type_support.cpp.o[0m
[13.427s] [35m[1mScanning dependencies of target realsense2_camera_msgs__rosidl_typesupport_cpp[0m
[13.439s] [35m[1mScanning dependencies of target realsense2_camera_msgs__rosidl_typesupport_c[0m
[13.451s] [ 23%] [32mBuilding CXX object CMakeFiles/realsense2_camera_msgs__rosidl_typesupport_introspection_cpp.dir/rosidl_typesupport_introspection_cpp/realsense2_camera_msgs/msg/detail/extrinsics__type_support.cpp.o[0m
[13.619s] [ 25%] [32mBuilding CXX object CMakeFiles/realsense2_camera_msgs__rosidl_typesupport_cpp.dir/rosidl_typesupport_cpp/realsense2_camera_msgs/msg/imu_info__type_support.cpp.o[0m
[13.659s] [ 26%] [32mBuilding CXX object CMakeFiles/realsense2_camera_msgs__rosidl_typesupport_c.dir/rosidl_typesupport_c/realsense2_camera_msgs/msg/imu_info__type_support.cpp.o[0m
[13.863s] [ 28%] [32mBuilding CXX object CMakeFiles/realsense2_camera_msgs__rosidl_typesupport_c.dir/rosidl_typesupport_c/realsense2_camera_msgs/msg/extrinsics__type_support.cpp.o[0m
[14.209s] [ 30%] [32mBuilding CXX object CMakeFiles/realsense2_camera_msgs__rosidl_typesupport_c.dir/rosidl_typesupport_c/realsense2_camera_msgs/msg/metadata__type_support.cpp.o[0m
[14.244s] [35m[1mScanning dependencies of target realsense2_camera_msgs__rosidl_typesupport_introspection_c[0m
[14.433s] [35m[1mScanning dependencies of target realsense2_camera_msgs__rosidl_typesupport_fastrtps_cpp[0m
[14.437s] [ 31%] [32mBuilding CXX object CMakeFiles/realsense2_camera_msgs__rosidl_typesupport_c.dir/rosidl_typesupport_c/realsense2_camera_msgs/msg/rgbd__type_support.cpp.o[0m
[14.512s] [ 33%] [32mBuilding C object CMakeFiles/realsense2_camera_msgs__rosidl_typesupport_introspection_c.dir/rosidl_typesupport_introspection_c/realsense2_camera_msgs/msg/detail/imu_info__type_support.c.o[0m
[14.648s] [ 34%] [32mBuilding CXX object CMakeFiles/realsense2_camera_msgs__rosidl_typesupport_introspection_cpp.dir/rosidl_typesupport_introspection_cpp/realsense2_camera_msgs/msg/detail/metadata__type_support.cpp.o[0m
[14.671s] [ 36%] [32mBuilding CXX object CMakeFiles/realsense2_camera_msgs__rosidl_typesupport_c.dir/rosidl_typesupport_c/realsense2_camera_msgs/srv/device_info__type_support.cpp.o[0m
[14.870s] [ 38%] [32mBuilding C object CMakeFiles/realsense2_camera_msgs__rosidl_typesupport_introspection_c.dir/rosidl_typesupport_introspection_c/realsense2_camera_msgs/msg/detail/extrinsics__type_support.c.o[0m
[14.885s] [ 39%] [32mBuilding CXX object CMakeFiles/realsense2_camera_msgs__rosidl_typesupport_fastrtps_cpp.dir/rosidl_typesupport_fastrtps_cpp/realsense2_camera_msgs/msg/detail/dds_fastrtps/imu_info__type_support.cpp.o[0m
[15.086s] [ 41%] [32mBuilding C object CMakeFiles/realsense2_camera_msgs__rosidl_typesupport_introspection_c.dir/rosidl_typesupport_introspection_c/realsense2_camera_msgs/msg/detail/metadata__type_support.c.o[0m
[15.184s] [ 44%] [32mBuilding CXX object CMakeFiles/realsense2_camera_msgs__rosidl_typesupport_cpp.dir/rosidl_typesupport_cpp/realsense2_camera_msgs/msg/extrinsics__type_support.cpp.o[0m
[15.184s] [ 44%] [32m[1mLinking CXX shared library librealsense2_camera_msgs__rosidl_typesupport_c.so[0m
[15.185s] [ 46%] [32mBuilding CXX object CMakeFiles/realsense2_camera_msgs__rosidl_typesupport_introspection_cpp.dir/rosidl_typesupport_introspection_cpp/realsense2_camera_msgs/msg/detail/rgbd__type_support.cpp.o[0m
[15.405s] [ 47%] [32mBuilding C object CMakeFiles/realsense2_camera_msgs__rosidl_typesupport_introspection_c.dir/rosidl_typesupport_introspection_c/realsense2_camera_msgs/msg/detail/rgbd__type_support.c.o[0m
[15.540s] [ 47%] Built target realsense2_camera_msgs__rosidl_typesupport_c
[15.622s] [ 49%] [32mBuilding C object CMakeFiles/realsense2_camera_msgs__rosidl_typesupport_introspection_c.dir/rosidl_typesupport_introspection_c/realsense2_camera_msgs/srv/detail/device_info__type_support.c.o[0m
[15.795s] [ 50%] [32mBuilding CXX object CMakeFiles/realsense2_camera_msgs__rosidl_typesupport_introspection_cpp.dir/rosidl_typesupport_introspection_cpp/realsense2_camera_msgs/srv/detail/device_info__type_support.cpp.o[0m
[16.024s] [ 52%] [32m[1mLinking C shared library librealsense2_camera_msgs__rosidl_typesupport_introspection_c.so[0m
[16.068s] [ 53%] [32mBuilding CXX object CMakeFiles/realsense2_camera_msgs__rosidl_typesupport_cpp.dir/rosidl_typesupport_cpp/realsense2_camera_msgs/msg/metadata__type_support.cpp.o[0m
[16.270s] [ 53%] Built target realsense2_camera_msgs__rosidl_typesupport_introspection_c
[16.383s] [ 55%] [32mBuilding CXX object CMakeFiles/realsense2_camera_msgs__rosidl_typesupport_cpp.dir/rosidl_typesupport_cpp/realsense2_camera_msgs/msg/rgbd__type_support.cpp.o[0m
[16.658s] [ 57%] [32mBuilding CXX object CMakeFiles/realsense2_camera_msgs__rosidl_typesupport_cpp.dir/rosidl_typesupport_cpp/realsense2_camera_msgs/srv/device_info__type_support.cpp.o[0m
[16.818s] [ 58%] [32mBuilding CXX object CMakeFiles/realsense2_camera_msgs__rosidl_typesupport_fastrtps_cpp.dir/rosidl_typesupport_fastrtps_cpp/realsense2_camera_msgs/msg/detail/dds_fastrtps/extrinsics__type_support.cpp.o[0m
[17.409s] [ 60%] [32mBuilding CXX object CMakeFiles/realsense2_camera_msgs__rosidl_typesupport_fastrtps_cpp.dir/rosidl_typesupport_fastrtps_cpp/realsense2_camera_msgs/msg/detail/dds_fastrtps/metadata__type_support.cpp.o[0m
[17.545s] [ 61%] [32m[1mLinking CXX shared library librealsense2_camera_msgs__rosidl_typesupport_introspection_cpp.so[0m
[18.158s] [ 63%] [32mBuilding CXX object CMakeFiles/realsense2_camera_msgs__rosidl_typesupport_fastrtps_cpp.dir/rosidl_typesupport_fastrtps_cpp/realsense2_camera_msgs/msg/detail/dds_fastrtps/rgbd__type_support.cpp.o[0m
[18.221s] [ 63%] Built target realsense2_camera_msgs__rosidl_typesupport_introspection_cpp
[18.353s] [ 65%] [32mBuilding CXX object CMakeFiles/realsense2_camera_msgs__rosidl_typesupport_fastrtps_cpp.dir/rosidl_typesupport_fastrtps_cpp/realsense2_camera_msgs/srv/detail/dds_fastrtps/device_info__type_support.cpp.o[0m
[18.566s] [ 66%] [32m[1mLinking CXX shared library librealsense2_camera_msgs__rosidl_typesupport_cpp.so[0m
[18.988s] [ 66%] Built target realsense2_camera_msgs__rosidl_typesupport_cpp
[20.275s] [ 68%] [32m[1mLinking CXX shared library librealsense2_camera_msgs__rosidl_typesupport_fastrtps_cpp.so[0m
[20.774s] [ 68%] Built target realsense2_camera_msgs__rosidl_typesupport_fastrtps_cpp
[20.837s] [ 69%] [34m[1mGenerating C type support for eProsima Fast-RTPS[0m
[22.739s] [35m[1mScanning dependencies of target realsense2_camera_msgs__rosidl_typesupport_fastrtps_c[0m
[22.882s] [ 71%] [32mBuilding CXX object CMakeFiles/realsense2_camera_msgs__rosidl_typesupport_fastrtps_c.dir/rosidl_typesupport_fastrtps_c/realsense2_camera_msgs/msg/detail/imu_info__type_support_c.cpp.o[0m
[22.911s] [ 73%] [32mBuilding CXX object CMakeFiles/realsense2_camera_msgs__rosidl_typesupport_fastrtps_c.dir/rosidl_typesupport_fastrtps_c/realsense2_camera_msgs/msg/detail/metadata__type_support_c.cpp.o[0m
[22.912s] [ 74%] [32mBuilding CXX object CMakeFiles/realsense2_camera_msgs__rosidl_typesupport_fastrtps_c.dir/rosidl_typesupport_fastrtps_c/realsense2_camera_msgs/msg/detail/rgbd__type_support_c.cpp.o[0m
[22.913s] [ 76%] [32mBuilding CXX object CMakeFiles/realsense2_camera_msgs__rosidl_typesupport_fastrtps_c.dir/rosidl_typesupport_fastrtps_c/realsense2_camera_msgs/msg/detail/extrinsics__type_support_c.cpp.o[0m
[22.940s] [ 77%] [32mBuilding CXX object CMakeFiles/realsense2_camera_msgs__rosidl_typesupport_fastrtps_c.dir/rosidl_typesupport_fastrtps_c/realsense2_camera_msgs/srv/detail/device_info__type_support_c.cpp.o[0m
[25.035s] [ 79%] [32m[1mLinking CXX shared library librealsense2_camera_msgs__rosidl_typesupport_fastrtps_c.so[0m
[25.339s] [ 79%] Built target realsense2_camera_msgs__rosidl_typesupport_fastrtps_c
[25.508s] [35m[1mScanning dependencies of target realsense2_camera_msgs[0m
[25.588s] [ 79%] Built target realsense2_camera_msgs
[25.722s] [35m[1mScanning dependencies of target realsense2_camera_msgs__py[0m
[25.750s] [ 80%] [34m[1mGenerating Python code for ROS interfaces[0m
[29.418s] [ 80%] Built target realsense2_camera_msgs__py
[29.444s] [35m[1mScanning dependencies of target realsense2_camera_msgs__python[0m
[29.687s] [ 82%] [32mBuilding C object CMakeFiles/realsense2_camera_msgs__python.dir/rosidl_generator_py/realsense2_camera_msgs/msg/_imu_info_s.c.o[0m
[29.687s] [ 84%] [32mBuilding C object CMakeFiles/realsense2_camera_msgs__python.dir/rosidl_generator_py/realsense2_camera_msgs/srv/_device_info_s.c.o[0m
[29.692s] [ 85%] [32mBuilding C object CMakeFiles/realsense2_camera_msgs__python.dir/rosidl_generator_py/realsense2_camera_msgs/msg/_metadata_s.c.o[0m
[29.699s] [ 87%] [32mBuilding C object CMakeFiles/realsense2_camera_msgs__python.dir/rosidl_generator_py/realsense2_camera_msgs/msg/_extrinsics_s.c.o[0m
[29.711s] [ 88%] [32mBuilding C object CMakeFiles/realsense2_camera_msgs__python.dir/rosidl_generator_py/realsense2_camera_msgs/msg/_rgbd_s.c.o[0m
[30.303s] [ 90%] [32m[1mLinking C shared library rosidl_generator_py/realsense2_camera_msgs/librealsense2_camera_msgs__python.so[0m
[30.414s] [ 90%] Built target realsense2_camera_msgs__python
[30.439s] [35m[1mScanning dependencies of target realsense2_camera_msgs__rosidl_typesupport_introspection_c__pyext[0m
[30.440s] [35m[1mScanning dependencies of target realsense2_camera_msgs__rosidl_typesupport_fastrtps_c__pyext[0m
[30.440s] [35m[1mScanning dependencies of target realsense2_camera_msgs__rosidl_typesupport_c__pyext[0m
[30.601s] [ 92%] [32mBuilding C object CMakeFiles/realsense2_camera_msgs__rosidl_typesupport_introspection_c__pyext.dir/rosidl_generator_py/realsense2_camera_msgs/_realsense2_camera_msgs_s.ep.rosidl_typesupport_introspection_c.c.o[0m
[30.602s] [ 93%] [32mBuilding C object CMakeFiles/realsense2_camera_msgs__rosidl_typesupport_fastrtps_c__pyext.dir/rosidl_generator_py/realsense2_camera_msgs/_realsense2_camera_msgs_s.ep.rosidl_typesupport_fastrtps_c.c.o[0m
[30.602s] [ 95%] [32mBuilding C object CMakeFiles/realsense2_camera_msgs__rosidl_typesupport_c__pyext.dir/rosidl_generator_py/realsense2_camera_msgs/_realsense2_camera_msgs_s.ep.rosidl_typesupport_c.c.o[0m
[30.947s] [100%] [32m[1mLinking CXX shared library rosidl_generator_py/realsense2_camera_msgs/realsense2_camera_msgs_s__rosidl_typesupport_fastrtps_c.cpython-38-aarch64-linux-gnu.so[0m
[30.947s] [100%] [32m[1mLinking C shared library rosidl_generator_py/realsense2_camera_msgs/realsense2_camera_msgs_s__rosidl_typesupport_c.cpython-38-aarch64-linux-gnu.so[0m
[30.948s] [100%] [32m[1mLinking C shared library rosidl_generator_py/realsense2_camera_msgs/realsense2_camera_msgs_s__rosidl_typesupport_introspection_c.cpython-38-aarch64-linux-gnu.so[0m
[31.049s] [100%] Built target realsense2_camera_msgs__rosidl_typesupport_c__pyext
[31.049s] [100%] Built target realsense2_camera_msgs__rosidl_typesupport_introspection_c__pyext
[31.116s] [100%] Built target realsense2_camera_msgs__rosidl_typesupport_fastrtps_c__pyext
[31.208s] Invoked command in '/home/ugrp2025/cam_ws/build/realsense2_camera_msgs' returned '0': CMAKE_PREFIX_PATH=/opt/ros/foxy /usr/bin/cmake --build /home/ugrp2025/cam_ws/build/realsense2_camera_msgs -- -j6 -l6
[31.250s] Invoking command in '/home/ugrp2025/cam_ws/build/realsense2_camera_msgs': CMAKE_PREFIX_PATH=/opt/ros/foxy /usr/bin/cmake --install /home/ugrp2025/cam_ws/build/realsense2_camera_msgs
[31.272s] -- Install configuration: ""
[31.272s] -- Installing: /home/ugrp2025/cam_ws/install/realsense2_camera_msgs/share/ament_index/resource_index/rosidl_interfaces/realsense2_camera_msgs
[31.273s] -- Installing: /home/ugrp2025/cam_ws/install/realsense2_camera_msgs/include/realsense2_camera_msgs
[31.274s] -- Installing: /home/ugrp2025/cam_ws/install/realsense2_camera_msgs/include/realsense2_camera_msgs/msg
[31.274s] -- Installing: /home/ugrp2025/cam_ws/install/realsense2_camera_msgs/include/realsense2_camera_msgs/msg/rosidl_generator_c__visibility_control.h
[31.274s] -- Installing: /home/ugrp2025/cam_ws/install/realsense2_camera_msgs/include/realsense2_camera_msgs/msg/extrinsics.h
[31.275s] -- Installing: /home/ugrp2025/cam_ws/install/realsense2_camera_msgs/include/realsense2_camera_msgs/msg/detail
[31.275s] -- Installing: /home/ugrp2025/cam_ws/install/realsense2_camera_msgs/include/realsense2_camera_msgs/msg/detail/rgbd__functions.h
[31.275s] -- Installing: /home/ugrp2025/cam_ws/install/realsense2_camera_msgs/include/realsense2_camera_msgs/msg/detail/rgbd__struct.h
[31.276s] -- Installing: /home/ugrp2025/cam_ws/install/realsense2_camera_msgs/include/realsense2_camera_msgs/msg/detail/imu_info__functions.h
[31.276s] -- Installing: /home/ugrp2025/cam_ws/install/realsense2_camera_msgs/include/realsense2_camera_msgs/msg/detail/metadata__functions.h
[31.277s] -- Installing: /home/ugrp2025/cam_ws/install/realsense2_camera_msgs/include/realsense2_camera_msgs/msg/detail/imu_info__functions.c
[31.277s] -- Installing: /home/ugrp2025/cam_ws/install/realsense2_camera_msgs/include/realsense2_camera_msgs/msg/detail/metadata__type_support.h
[31.278s] -- Installing: /home/ugrp2025/cam_ws/install/realsense2_camera_msgs/include/realsense2_camera_msgs/msg/detail/extrinsics__struct.h
[31.278s] -- Installing: /home/ugrp2025/cam_ws/install/realsense2_camera_msgs/include/realsense2_camera_msgs/msg/detail/extrinsics__functions.h
[31.278s] -- Installing: /home/ugrp2025/cam_ws/install/realsense2_camera_msgs/include/realsense2_camera_msgs/msg/detail/extrinsics__functions.c
[31.279s] -- Installing: /home/ugrp2025/cam_ws/install/realsense2_camera_msgs/include/realsense2_camera_msgs/msg/detail/imu_info__type_support.h
[31.279s] -- Installing: /home/ugrp2025/cam_ws/install/realsense2_camera_msgs/include/realsense2_camera_msgs/msg/detail/extrinsics__type_support.h
[31.280s] -- Installing: /home/ugrp2025/cam_ws/install/realsense2_camera_msgs/include/realsense2_camera_msgs/msg/detail/metadata__functions.c
[31.280s] -- Installing: /home/ugrp2025/cam_ws/install/realsense2_camera_msgs/include/realsense2_camera_msgs/msg/detail/metadata__struct.h
[31.280s] -- Installing: /home/ugrp2025/cam_ws/install/realsense2_camera_msgs/include/realsense2_camera_msgs/msg/detail/rgbd__type_support.h
[31.281s] -- Installing: /home/ugrp2025/cam_ws/install/realsense2_camera_msgs/include/realsense2_camera_msgs/msg/detail/rgbd__functions.c
[31.281s] -- Installing: /home/ugrp2025/cam_ws/install/realsense2_camera_msgs/include/realsense2_camera_msgs/msg/detail/imu_info__struct.h
[31.283s] -- Installing: /home/ugrp2025/cam_ws/install/realsense2_camera_msgs/include/realsense2_camera_msgs/msg/rgbd.h
[31.284s] -- Installing: /home/ugrp2025/cam_ws/install/realsense2_camera_msgs/include/realsense2_camera_msgs/msg/metadata.h
[31.285s] -- Installing: /home/ugrp2025/cam_ws/install/realsense2_camera_msgs/include/realsense2_camera_msgs/msg/imu_info.h
[31.285s] -- Installing: /home/ugrp2025/cam_ws/install/realsense2_camera_msgs/include/realsense2_camera_msgs/srv
[31.286s] -- Installing: /home/ugrp2025/cam_ws/install/realsense2_camera_msgs/include/realsense2_camera_msgs/srv/detail
[31.286s] -- Installing: /home/ugrp2025/cam_ws/install/realsense2_camera_msgs/include/realsense2_camera_msgs/srv/detail/device_info__type_support.h
[31.287s] -- Installing: /home/ugrp2025/cam_ws/install/realsense2_camera_msgs/include/realsense2_camera_msgs/srv/detail/device_info__functions.h
[31.288s] -- Installing: /home/ugrp2025/cam_ws/install/realsense2_camera_msgs/include/realsense2_camera_msgs/srv/detail/device_info__functions.c
[31.288s] -- Installing: /home/ugrp2025/cam_ws/install/realsense2_camera_msgs/include/realsense2_camera_msgs/srv/detail/device_info__struct.h
[31.289s] -- Installing: /home/ugrp2025/cam_ws/install/realsense2_camera_msgs/include/realsense2_camera_msgs/srv/device_info.h
[31.290s] -- Installing: /home/ugrp2025/cam_ws/install/realsense2_camera_msgs/share/realsense2_camera_msgs/environment/library_path.sh
[31.291s] -- Installing: /home/ugrp2025/cam_ws/install/realsense2_camera_msgs/share/realsense2_camera_msgs/environment/library_path.dsv
[31.292s] -- Installing: /home/ugrp2025/cam_ws/install/realsense2_camera_msgs/lib/librealsense2_camera_msgs__rosidl_generator_c.so
[31.295s] -- Set runtime path of "/home/ugrp2025/cam_ws/install/realsense2_camera_msgs/lib/librealsense2_camera_msgs__rosidl_generator_c.so" to ""
[31.295s] -- Up-to-date: /home/ugrp2025/cam_ws/install/realsense2_camera_msgs/include/realsense2_camera_msgs
[31.296s] -- Up-to-date: /home/ugrp2025/cam_ws/install/realsense2_camera_msgs/include/realsense2_camera_msgs/msg
[31.296s] -- Up-to-date: /home/ugrp2025/cam_ws/install/realsense2_camera_msgs/include/realsense2_camera_msgs/msg/detail
[31.296s] -- Installing: /home/ugrp2025/cam_ws/install/realsense2_camera_msgs/include/realsense2_camera_msgs/msg/detail/rgbd__rosidl_typesupport_fastrtps_c.h
[31.297s] -- Installing: /home/ugrp2025/cam_ws/install/realsense2_camera_msgs/include/realsense2_camera_msgs/msg/detail/extrinsics__rosidl_typesupport_fastrtps_c.h
[31.298s] -- Installing: /home/ugrp2025/cam_ws/install/realsense2_camera_msgs/include/realsense2_camera_msgs/msg/detail/metadata__rosidl_typesupport_fastrtps_c.h
[31.298s] -- Installing: /home/ugrp2025/cam_ws/install/realsense2_camera_msgs/include/realsense2_camera_msgs/msg/detail/imu_info__rosidl_typesupport_fastrtps_c.h
[31.299s] -- Installing: /home/ugrp2025/cam_ws/install/realsense2_camera_msgs/include/realsense2_camera_msgs/msg/rosidl_typesupport_fastrtps_c__visibility_control.h
[31.300s] -- Up-to-date: /home/ugrp2025/cam_ws/install/realsense2_camera_msgs/include/realsense2_camera_msgs/srv
[31.301s] -- Up-to-date: /home/ugrp2025/cam_ws/install/realsense2_camera_msgs/include/realsense2_camera_msgs/srv/detail
[31.301s] -- Installing: /home/ugrp2025/cam_ws/install/realsense2_camera_msgs/include/realsense2_camera_msgs/srv/detail/device_info__rosidl_typesupport_fastrtps_c.h
[31.302s] -- Installing: /home/ugrp2025/cam_ws/install/realsense2_camera_msgs/lib/librealsense2_camera_msgs__rosidl_typesupport_fastrtps_c.so
[31.303s] -- Set runtime path of "/home/ugrp2025/cam_ws/install/realsense2_camera_msgs/lib/librealsense2_camera_msgs__rosidl_typesupport_fastrtps_c.so" to ""
[31.304s] -- Up-to-date: /home/ugrp2025/cam_ws/install/realsense2_camera_msgs/include/realsense2_camera_msgs
[31.305s] -- Up-to-date: /home/ugrp2025/cam_ws/install/realsense2_camera_msgs/include/realsense2_camera_msgs/msg
[31.305s] -- Installing: /home/ugrp2025/cam_ws/install/realsense2_camera_msgs/include/realsense2_camera_msgs/msg/rosidl_typesupport_fastrtps_cpp__visibility_control.h
[31.306s] -- Up-to-date: /home/ugrp2025/cam_ws/install/realsense2_camera_msgs/include/realsense2_camera_msgs/msg/detail
[31.306s] -- Installing: /home/ugrp2025/cam_ws/install/realsense2_camera_msgs/include/realsense2_camera_msgs/msg/detail/imu_info__rosidl_typesupport_fastrtps_cpp.hpp
[31.307s] -- Installing: /home/ugrp2025/cam_ws/install/realsense2_camera_msgs/include/realsense2_camera_msgs/msg/detail/extrinsics__rosidl_typesupport_fastrtps_cpp.hpp
[31.308s] -- Installing: /home/ugrp2025/cam_ws/install/realsense2_camera_msgs/include/realsense2_camera_msgs/msg/detail/rgbd__rosidl_typesupport_fastrtps_cpp.hpp
[31.308s] -- Installing: /home/ugrp2025/cam_ws/install/realsense2_camera_msgs/include/realsense2_camera_msgs/msg/detail/metadata__rosidl_typesupport_fastrtps_cpp.hpp
[31.309s] -- Installing: /home/ugrp2025/cam_ws/install/realsense2_camera_msgs/include/realsense2_camera_msgs/msg/detail/dds_fastrtps
[31.310s] -- Up-to-date: /home/ugrp2025/cam_ws/install/realsense2_camera_msgs/include/realsense2_camera_msgs/srv
[31.310s] -- Up-to-date: /home/ugrp2025/cam_ws/install/realsense2_camera_msgs/include/realsense2_camera_msgs/srv/detail
[31.310s] -- Installing: /home/ugrp2025/cam_ws/install/realsense2_camera_msgs/include/realsense2_camera_msgs/srv/detail/device_info__rosidl_typesupport_fastrtps_cpp.hpp
[31.311s] -- Installing: /home/ugrp2025/cam_ws/install/realsense2_camera_msgs/include/realsense2_camera_msgs/srv/detail/dds_fastrtps
[31.312s] -- Installing: /home/ugrp2025/cam_ws/install/realsense2_camera_msgs/lib/librealsense2_camera_msgs__rosidl_typesupport_fastrtps_cpp.so
[31.313s] -- Set runtime path of "/home/ugrp2025/cam_ws/install/realsense2_camera_msgs/lib/librealsense2_camera_msgs__rosidl_typesupport_fastrtps_cpp.so" to ""
[31.314s] -- Up-to-date: /home/ugrp2025/cam_ws/install/realsense2_camera_msgs/include/realsense2_camera_msgs
[31.314s] -- Up-to-date: /home/ugrp2025/cam_ws/install/realsense2_camera_msgs/include/realsense2_camera_msgs/msg
[31.315s] -- Up-to-date: /home/ugrp2025/cam_ws/install/realsense2_camera_msgs/include/realsense2_camera_msgs/msg/detail
[31.315s] -- Installing: /home/ugrp2025/cam_ws/install/realsense2_camera_msgs/include/realsense2_camera_msgs/msg/detail/imu_info__rosidl_typesupport_introspection_c.h
[31.316s] -- Installing: /home/ugrp2025/cam_ws/install/realsense2_camera_msgs/include/realsense2_camera_msgs/msg/detail/rgbd__rosidl_typesupport_introspection_c.h
[31.317s] -- Installing: /home/ugrp2025/cam_ws/install/realsense2_camera_msgs/include/realsense2_camera_msgs/msg/detail/imu_info__type_support.c
[31.317s] -- Installing: /home/ugrp2025/cam_ws/install/realsense2_camera_msgs/include/realsense2_camera_msgs/msg/detail/rgbd__type_support.c
[31.318s] -- Installing: /home/ugrp2025/cam_ws/install/realsense2_camera_msgs/include/realsense2_camera_msgs/msg/detail/metadata__type_support.c
[31.318s] -- Installing: /home/ugrp2025/cam_ws/install/realsense2_camera_msgs/include/realsense2_camera_msgs/msg/detail/metadata__rosidl_typesupport_introspection_c.h
[31.319s] -- Installing: /home/ugrp2025/cam_ws/install/realsense2_camera_msgs/include/realsense2_camera_msgs/msg/detail/extrinsics__type_support.c
[31.320s] -- Installing: /home/ugrp2025/cam_ws/install/realsense2_camera_msgs/include/realsense2_camera_msgs/msg/detail/extrinsics__rosidl_typesupport_introspection_c.h
[31.320s] -- Installing: /home/ugrp2025/cam_ws/install/realsense2_camera_msgs/include/realsense2_camera_msgs/msg/rosidl_typesupport_introspection_c__visibility_control.h
[31.321s] -- Up-to-date: /home/ugrp2025/cam_ws/install/realsense2_camera_msgs/include/realsense2_camera_msgs/srv
[31.321s] -- Up-to-date: /home/ugrp2025/cam_ws/install/realsense2_camera_msgs/include/realsense2_camera_msgs/srv/detail
[31.322s] -- Installing: /home/ugrp2025/cam_ws/install/realsense2_camera_msgs/include/realsense2_camera_msgs/srv/detail/device_info__rosidl_typesupport_introspection_c.h
[31.322s] -- Installing: /home/ugrp2025/cam_ws/install/realsense2_camera_msgs/include/realsense2_camera_msgs/srv/detail/device_info__type_support.c
[31.323s] -- Installing: /home/ugrp2025/cam_ws/install/realsense2_camera_msgs/lib/librealsense2_camera_msgs__rosidl_typesupport_introspection_c.so
[31.325s] -- Set runtime path of "/home/ugrp2025/cam_ws/install/realsense2_camera_msgs/lib/librealsense2_camera_msgs__rosidl_typesupport_introspection_c.so" to ""
[31.326s] -- Installing: /home/ugrp2025/cam_ws/install/realsense2_camera_msgs/lib/librealsense2_camera_msgs__rosidl_typesupport_c.so
[31.327s] -- Set runtime path of "/home/ugrp2025/cam_ws/install/realsense2_camera_msgs/lib/librealsense2_camera_msgs__rosidl_typesupport_c.so" to ""
[31.327s] -- Up-to-date: /home/ugrp2025/cam_ws/install/realsense2_camera_msgs/include/realsense2_camera_msgs
[31.328s] -- Up-to-date: /home/ugrp2025/cam_ws/install/realsense2_camera_msgs/include/realsense2_camera_msgs/msg
[31.328s] -- Installing: /home/ugrp2025/cam_ws/install/realsense2_camera_msgs/include/realsense2_camera_msgs/msg/imu_info.hpp
[31.329s] -- Up-to-date: /home/ugrp2025/cam_ws/install/realsense2_camera_msgs/include/realsense2_camera_msgs/msg/detail
[31.329s] -- Installing: /home/ugrp2025/cam_ws/install/realsense2_camera_msgs/include/realsense2_camera_msgs/msg/detail/rgbd__traits.hpp
[31.330s] -- Installing: /home/ugrp2025/cam_ws/install/realsense2_camera_msgs/include/realsense2_camera_msgs/msg/detail/extrinsics__type_support.hpp
[31.330s] -- Installing: /home/ugrp2025/cam_ws/install/realsense2_camera_msgs/include/realsense2_camera_msgs/msg/detail/rgbd__struct.hpp
[31.331s] -- Installing: /home/ugrp2025/cam_ws/install/realsense2_camera_msgs/include/realsense2_camera_msgs/msg/detail/metadata__builder.hpp
[31.331s] -- Installing: /home/ugrp2025/cam_ws/install/realsense2_camera_msgs/include/realsense2_camera_msgs/msg/detail/extrinsics__struct.hpp
[31.332s] -- Installing: /home/ugrp2025/cam_ws/install/realsense2_camera_msgs/include/realsense2_camera_msgs/msg/detail/rgbd__type_support.hpp
[31.333s] -- Installing: /home/ugrp2025/cam_ws/install/realsense2_camera_msgs/include/realsense2_camera_msgs/msg/detail/imu_info__type_support.hpp
[31.333s] -- Installing: /home/ugrp2025/cam_ws/install/realsense2_camera_msgs/include/realsense2_camera_msgs/msg/detail/metadata__type_support.hpp
[31.334s] -- Installing: /home/ugrp2025/cam_ws/install/realsense2_camera_msgs/include/realsense2_camera_msgs/msg/detail/metadata__struct.hpp
[31.335s] -- Installing: /home/ugrp2025/cam_ws/install/realsense2_camera_msgs/include/realsense2_camera_msgs/msg/detail/rgbd__builder.hpp
[31.335s] -- Installing: /home/ugrp2025/cam_ws/install/realsense2_camera_msgs/include/realsense2_camera_msgs/msg/detail/extrinsics__builder.hpp
[31.336s] -- Installing: /home/ugrp2025/cam_ws/install/realsense2_camera_msgs/include/realsense2_camera_msgs/msg/detail/imu_info__builder.hpp
[31.337s] -- Installing: /home/ugrp2025/cam_ws/install/realsense2_camera_msgs/include/realsense2_camera_msgs/msg/detail/imu_info__traits.hpp
[31.338s] -- Installing: /home/ugrp2025/cam_ws/install/realsense2_camera_msgs/include/realsense2_camera_msgs/msg/detail/metadata__traits.hpp
[31.339s] -- Installing: /home/ugrp2025/cam_ws/install/realsense2_camera_msgs/include/realsense2_camera_msgs/msg/detail/imu_info__struct.hpp
[31.339s] -- Installing: /home/ugrp2025/cam_ws/install/realsense2_camera_msgs/include/realsense2_camera_msgs/msg/detail/extrinsics__traits.hpp
[31.340s] -- Installing: /home/ugrp2025/cam_ws/install/realsense2_camera_msgs/include/realsense2_camera_msgs/msg/rgbd.hpp
[31.341s] -- Installing: /home/ugrp2025/cam_ws/install/realsense2_camera_msgs/include/realsense2_camera_msgs/msg/extrinsics.hpp
[31.341s] -- Installing: /home/ugrp2025/cam_ws/install/realsense2_camera_msgs/include/realsense2_camera_msgs/msg/metadata.hpp
[31.342s] -- Installing: /home/ugrp2025/cam_ws/install/realsense2_camera_msgs/include/realsense2_camera_msgs/msg/rosidl_generator_cpp__visibility_control.hpp
[31.342s] -- Up-to-date: /home/ugrp2025/cam_ws/install/realsense2_camera_msgs/include/realsense2_camera_msgs/srv
[31.343s] -- Up-to-date: /home/ugrp2025/cam_ws/install/realsense2_camera_msgs/include/realsense2_camera_msgs/srv/detail
[31.343s] -- Installing: /home/ugrp2025/cam_ws/install/realsense2_camera_msgs/include/realsense2_camera_msgs/srv/detail/device_info__struct.hpp
[31.344s] -- Installing: /home/ugrp2025/cam_ws/install/realsense2_camera_msgs/include/realsense2_camera_msgs/srv/detail/device_info__type_support.hpp
[31.345s] -- Installing: /home/ugrp2025/cam_ws/install/realsense2_camera_msgs/include/realsense2_camera_msgs/srv/detail/device_info__traits.hpp
[31.346s] -- Installing: /home/ugrp2025/cam_ws/install/realsense2_camera_msgs/include/realsense2_camera_msgs/srv/detail/device_info__builder.hpp
[31.346s] -- Installing: /home/ugrp2025/cam_ws/install/realsense2_camera_msgs/include/realsense2_camera_msgs/srv/device_info.hpp
[31.347s] -- Up-to-date: /home/ugrp2025/cam_ws/install/realsense2_camera_msgs/include/realsense2_camera_msgs
[31.347s] -- Up-to-date: /home/ugrp2025/cam_ws/install/realsense2_camera_msgs/include/realsense2_camera_msgs/msg
[31.348s] -- Up-to-date: /home/ugrp2025/cam_ws/install/realsense2_camera_msgs/include/realsense2_camera_msgs/msg/detail
[31.348s] -- Installing: /home/ugrp2025/cam_ws/install/realsense2_camera_msgs/include/realsense2_camera_msgs/msg/detail/imu_info__type_support.cpp
[31.349s] -- Installing: /home/ugrp2025/cam_ws/install/realsense2_camera_msgs/include/realsense2_camera_msgs/msg/detail/metadata__type_support.cpp
[31.350s] -- Installing: /home/ugrp2025/cam_ws/install/realsense2_camera_msgs/include/realsense2_camera_msgs/msg/detail/rgbd__type_support.cpp
[31.350s] -- Installing: /home/ugrp2025/cam_ws/install/realsense2_camera_msgs/include/realsense2_camera_msgs/msg/detail/imu_info__rosidl_typesupport_introspection_cpp.hpp
[31.351s] -- Installing: /home/ugrp2025/cam_ws/install/realsense2_camera_msgs/include/realsense2_camera_msgs/msg/detail/metadata__rosidl_typesupport_introspection_cpp.hpp
[31.351s] -- Installing: /home/ugrp2025/cam_ws/install/realsense2_camera_msgs/include/realsense2_camera_msgs/msg/detail/rgbd__rosidl_typesupport_introspection_cpp.hpp
[31.352s] -- Installing: /home/ugrp2025/cam_ws/install/realsense2_camera_msgs/include/realsense2_camera_msgs/msg/detail/extrinsics__type_support.cpp
[31.353s] -- Installing: /home/ugrp2025/cam_ws/install/realsense2_camera_msgs/include/realsense2_camera_msgs/msg/detail/extrinsics__rosidl_typesupport_introspection_cpp.hpp
[31.353s] -- Up-to-date: /home/ugrp2025/cam_ws/install/realsense2_camera_msgs/include/realsense2_camera_msgs/srv
[31.354s] -- Up-to-date: /home/ugrp2025/cam_ws/install/realsense2_camera_msgs/include/realsense2_camera_msgs/srv/detail
[31.354s] -- Installing: /home/ugrp2025/cam_ws/install/realsense2_camera_msgs/include/realsense2_camera_msgs/srv/detail/device_info__rosidl_typesupport_introspection_cpp.hpp
[31.355s] -- Installing: /home/ugrp2025/cam_ws/install/realsense2_camera_msgs/include/realsense2_camera_msgs/srv/detail/device_info__type_support.cpp
[31.356s] -- Installing: /home/ugrp2025/cam_ws/install/realsense2_camera_msgs/lib/librealsense2_camera_msgs__rosidl_typesupport_introspection_cpp.so
[31.358s] -- Set runtime path of "/home/ugrp2025/cam_ws/install/realsense2_camera_msgs/lib/librealsense2_camera_msgs__rosidl_typesupport_introspection_cpp.so" to ""
[31.358s] -- Installing: /home/ugrp2025/cam_ws/install/realsense2_camera_msgs/lib/librealsense2_camera_msgs__rosidl_typesupport_cpp.so
[31.359s] -- Set runtime path of "/home/ugrp2025/cam_ws/install/realsense2_camera_msgs/lib/librealsense2_camera_msgs__rosidl_typesupport_cpp.so" to ""
[31.360s] -- Installing: /home/ugrp2025/cam_ws/install/realsense2_camera_msgs/share/realsense2_camera_msgs/environment/pythonpath.sh
[31.361s] -- Installing: /home/ugrp2025/cam_ws/install/realsense2_camera_msgs/share/realsense2_camera_msgs/environment/pythonpath.dsv
[31.362s] -- Installing: /home/ugrp2025/cam_ws/install/realsense2_camera_msgs/lib/python3.8/site-packages/realsense2_camera_msgs/__init__.py
[32.098s] Compiling '/home/ugrp2025/cam_ws/install/realsense2_camera_msgs/lib/python3.8/site-packages/realsense2_camera_msgs/__init__.py'...
[32.138s] -- Installing: /home/ugrp2025/cam_ws/install/realsense2_camera_msgs/lib/python3.8/site-packages/realsense2_camera_msgs/msg
[32.138s] -- Installing: /home/ugrp2025/cam_ws/install/realsense2_camera_msgs/lib/python3.8/site-packages/realsense2_camera_msgs/msg/_imu_info.py
[32.138s] -- Installing: /home/ugrp2025/cam_ws/install/realsense2_camera_msgs/lib/python3.8/site-packages/realsense2_camera_msgs/msg/_rgbd.py
[32.138s] -- Installing: /home/ugrp2025/cam_ws/install/realsense2_camera_msgs/lib/python3.8/site-packages/realsense2_camera_msgs/msg/_imu_info_s.c
[32.138s] -- Installing: /home/ugrp2025/cam_ws/install/realsense2_camera_msgs/lib/python3.8/site-packages/realsense2_camera_msgs/msg/_metadata.py
[32.139s] -- Installing: /home/ugrp2025/cam_ws/install/realsense2_camera_msgs/lib/python3.8/site-packages/realsense2_camera_msgs/msg/_extrinsics_s.c
[32.139s] -- Installing: /home/ugrp2025/cam_ws/install/realsense2_camera_msgs/lib/python3.8/site-packages/realsense2_camera_msgs/msg/_rgbd_s.c
[32.139s] -- Installing: /home/ugrp2025/cam_ws/install/realsense2_camera_msgs/lib/python3.8/site-packages/realsense2_camera_msgs/msg/_metadata_s.c
[32.139s] -- Installing: /home/ugrp2025/cam_ws/install/realsense2_camera_msgs/lib/python3.8/site-packages/realsense2_camera_msgs/msg/_extrinsics.py
[32.139s] -- Installing: /home/ugrp2025/cam_ws/install/realsense2_camera_msgs/lib/python3.8/site-packages/realsense2_camera_msgs/msg/__init__.py
[32.139s] -- Installing: /home/ugrp2025/cam_ws/install/realsense2_camera_msgs/lib/python3.8/site-packages/realsense2_camera_msgs/srv
[32.139s] -- Installing: /home/ugrp2025/cam_ws/install/realsense2_camera_msgs/lib/python3.8/site-packages/realsense2_camera_msgs/srv/_device_info.py
[32.139s] -- Installing: /home/ugrp2025/cam_ws/install/realsense2_camera_msgs/lib/python3.8/site-packages/realsense2_camera_msgs/srv/__init__.py
[32.140s] -- Installing: /home/ugrp2025/cam_ws/install/realsense2_camera_msgs/lib/python3.8/site-packages/realsense2_camera_msgs/srv/_device_info_s.c
[32.140s] -- Installing: /home/ugrp2025/cam_ws/install/realsense2_camera_msgs/lib/python3.8/site-packages/realsense2_camera_msgs/realsense2_camera_msgs_s__rosidl_typesupport_fastrtps_c.cpython-38-aarch64-linux-gnu.so
[32.142s] -- Set runtime path of "/home/ugrp2025/cam_ws/install/realsense2_camera_msgs/lib/python3.8/site-packages/realsense2_camera_msgs/realsense2_camera_msgs_s__rosidl_typesupport_fastrtps_c.cpython-38-aarch64-linux-gnu.so" to ""
[32.143s] -- Installing: /home/ugrp2025/cam_ws/install/realsense2_camera_msgs/lib/python3.8/site-packages/realsense2_camera_msgs/realsense2_camera_msgs_s__rosidl_typesupport_introspection_c.cpython-38-aarch64-linux-gnu.so
[32.145s] -- Set runtime path of "/home/ugrp2025/cam_ws/install/realsense2_camera_msgs/lib/python3.8/site-packages/realsense2_camera_msgs/realsense2_camera_msgs_s__rosidl_typesupport_introspection_c.cpython-38-aarch64-linux-gnu.so" to ""
[32.149s] -- Installing: /home/ugrp2025/cam_ws/install/realsense2_camera_msgs/lib/python3.8/site-packages/realsense2_camera_msgs/realsense2_camera_msgs_s__rosidl_typesupport_c.cpython-38-aarch64-linux-gnu.so
[32.151s] -- Set runtime path of "/home/ugrp2025/cam_ws/install/realsense2_camera_msgs/lib/python3.8/site-packages/realsense2_camera_msgs/realsense2_camera_msgs_s__rosidl_typesupport_c.cpython-38-aarch64-linux-gnu.so" to ""
[32.162s] -- Installing: /home/ugrp2025/cam_ws/install/realsense2_camera_msgs/lib/librealsense2_camera_msgs__python.so
[32.164s] -- Set runtime path of "/home/ugrp2025/cam_ws/install/realsense2_camera_msgs/lib/librealsense2_camera_msgs__python.so" to ""
[32.165s] -- Installing: /home/ugrp2025/cam_ws/install/realsense2_camera_msgs/share/realsense2_camera_msgs/msg/IMUInfo.idl
[32.165s] -- Installing: /home/ugrp2025/cam_ws/install/realsense2_camera_msgs/share/realsense2_camera_msgs/msg/Extrinsics.idl
[32.166s] -- Installing: /home/ugrp2025/cam_ws/install/realsense2_camera_msgs/share/realsense2_camera_msgs/msg/Metadata.idl
[32.167s] -- Installing: /home/ugrp2025/cam_ws/install/realsense2_camera_msgs/share/realsense2_camera_msgs/msg/RGBD.idl
[32.168s] -- Installing: /home/ugrp2025/cam_ws/install/realsense2_camera_msgs/share/realsense2_camera_msgs/srv/DeviceInfo.idl
[32.169s] -- Installing: /home/ugrp2025/cam_ws/install/realsense2_camera_msgs/share/realsense2_camera_msgs/msg/IMUInfo.msg
[32.169s] -- Installing: /home/ugrp2025/cam_ws/install/realsense2_camera_msgs/share/realsense2_camera_msgs/msg/Extrinsics.msg
[32.170s] -- Installing: /home/ugrp2025/cam_ws/install/realsense2_camera_msgs/share/realsense2_camera_msgs/msg/Metadata.msg
[32.171s] -- Installing: /home/ugrp2025/cam_ws/install/realsense2_camera_msgs/share/realsense2_camera_msgs/msg/RGBD.msg
[32.171s] -- Installing: /home/ugrp2025/cam_ws/install/realsense2_camera_msgs/share/realsense2_camera_msgs/srv/DeviceInfo.srv
[32.172s] -- Installing: /home/ugrp2025/cam_ws/install/realsense2_camera_msgs/share/realsense2_camera_msgs/srv/DeviceInfo_Request.msg
[32.173s] -- Installing: /home/ugrp2025/cam_ws/install/realsense2_camera_msgs/share/realsense2_camera_msgs/srv/DeviceInfo_Response.msg
[32.174s] -- Installing: /home/ugrp2025/cam_ws/install/realsense2_camera_msgs/share/ament_index/resource_index/package_run_dependencies/realsense2_camera_msgs
[32.175s] -- Installing: /home/ugrp2025/cam_ws/install/realsense2_camera_msgs/share/ament_index/resource_index/parent_prefix_path/realsense2_camera_msgs
[32.176s] -- Installing: /home/ugrp2025/cam_ws/install/realsense2_camera_msgs/share/realsense2_camera_msgs/environment/ament_prefix_path.sh
[32.178s] -- Installing: /home/ugrp2025/cam_ws/install/realsense2_camera_msgs/share/realsense2_camera_msgs/environment/ament_prefix_path.dsv
[32.179s] -- Installing: /home/ugrp2025/cam_ws/install/realsense2_camera_msgs/share/realsense2_camera_msgs/environment/path.sh
[32.179s] -- Installing: /home/ugrp2025/cam_ws/install/realsense2_camera_msgs/share/realsense2_camera_msgs/environment/path.dsv
[32.181s] -- Installing: /home/ugrp2025/cam_ws/install/realsense2_camera_msgs/share/realsense2_camera_msgs/local_setup.bash
[32.182s] -- Installing: /home/ugrp2025/cam_ws/install/realsense2_camera_msgs/share/realsense2_camera_msgs/local_setup.sh
[32.199s] -- Installing: /home/ugrp2025/cam_ws/install/realsense2_camera_msgs/share/realsense2_camera_msgs/local_setup.zsh
[32.199s] -- Installing: /home/ugrp2025/cam_ws/install/realsense2_camera_msgs/share/realsense2_camera_msgs/local_setup.dsv
[32.199s] -- Installing: /home/ugrp2025/cam_ws/install/realsense2_camera_msgs/share/realsense2_camera_msgs/package.dsv
[32.200s] -- Installing: /home/ugrp2025/cam_ws/install/realsense2_camera_msgs/share/ament_index/resource_index/packages/realsense2_camera_msgs
[32.201s] -- Installing: /home/ugrp2025/cam_ws/install/realsense2_camera_msgs/share/realsense2_camera_msgs/cmake/realsense2_camera_msgs__rosidl_generator_cExport.cmake
[32.201s] -- Installing: /home/ugrp2025/cam_ws/install/realsense2_camera_msgs/share/realsense2_camera_msgs/cmake/realsense2_camera_msgs__rosidl_generator_cExport-noconfig.cmake
[32.202s] -- Installing: /home/ugrp2025/cam_ws/install/realsense2_camera_msgs/share/realsense2_camera_msgs/cmake/realsense2_camera_msgs__rosidl_typesupport_introspection_cExport.cmake
[32.211s] -- Installing: /home/ugrp2025/cam_ws/install/realsense2_camera_msgs/share/realsense2_camera_msgs/cmake/realsense2_camera_msgs__rosidl_typesupport_introspection_cExport-noconfig.cmake
[32.211s] -- Installing: /home/ugrp2025/cam_ws/install/realsense2_camera_msgs/share/realsense2_camera_msgs/cmake/realsense2_camera_msgs__rosidl_typesupport_cExport.cmake
[32.211s] -- Installing: /home/ugrp2025/cam_ws/install/realsense2_camera_msgs/share/realsense2_camera_msgs/cmake/realsense2_camera_msgs__rosidl_typesupport_cExport-noconfig.cmake
[32.212s] -- Installing: /home/ugrp2025/cam_ws/install/realsense2_camera_msgs/share/realsense2_camera_msgs/cmake/realsense2_camera_msgs__rosidl_generator_cppExport.cmake
[32.213s] -- Installing: /home/ugrp2025/cam_ws/install/realsense2_camera_msgs/share/realsense2_camera_msgs/cmake/realsense2_camera_msgs__rosidl_typesupport_introspection_cppExport.cmake
[32.213s] -- Installing: /home/ugrp2025/cam_ws/install/realsense2_camera_msgs/share/realsense2_camera_msgs/cmake/realsense2_camera_msgs__rosidl_typesupport_introspection_cppExport-noconfig.cmake
[32.214s] -- Installing: /home/ugrp2025/cam_ws/install/realsense2_camera_msgs/share/realsense2_camera_msgs/cmake/realsense2_camera_msgs__rosidl_typesupport_cppExport.cmake
[32.214s] -- Installing: /home/ugrp2025/cam_ws/install/realsense2_camera_msgs/share/realsense2_camera_msgs/cmake/realsense2_camera_msgs__rosidl_typesupport_cppExport-noconfig.cmake
[32.215s] -- Installing: /home/ugrp2025/cam_ws/install/realsense2_camera_msgs/share/realsense2_camera_msgs/cmake/rosidl_cmake-extras.cmake
[32.215s] -- Installing: /home/ugrp2025/cam_ws/install/realsense2_camera_msgs/share/realsense2_camera_msgs/cmake/ament_cmake_export_dependencies-extras.cmake
[32.216s] -- Installing: /home/ugrp2025/cam_ws/install/realsense2_camera_msgs/share/realsense2_camera_msgs/cmake/ament_cmake_export_libraries-extras.cmake
[32.216s] -- Installing: /home/ugrp2025/cam_ws/install/realsense2_camera_msgs/share/realsense2_camera_msgs/cmake/ament_cmake_export_targets-extras.cmake
[32.228s] -- Installing: /home/ugrp2025/cam_ws/install/realsense2_camera_msgs/share/realsense2_camera_msgs/cmake/ament_cmake_export_include_directories-extras.cmake
[32.229s] -- Installing: /home/ugrp2025/cam_ws/install/realsense2_camera_msgs/share/realsense2_camera_msgs/cmake/rosidl_cmake_export_typesupport_libraries-extras.cmake
[32.230s] -- Installing: /home/ugrp2025/cam_ws/install/realsense2_camera_msgs/share/realsense2_camera_msgs/cmake/rosidl_cmake_export_typesupport_targets-extras.cmake
[32.230s] -- Installing: /home/ugrp2025/cam_ws/install/realsense2_camera_msgs/share/realsense2_camera_msgs/cmake/realsense2_camera_msgsConfig.cmake
[32.231s] -- Installing: /home/ugrp2025/cam_ws/install/realsense2_camera_msgs/share/realsense2_camera_msgs/cmake/realsense2_camera_msgsConfig-version.cmake
[32.231s] -- Installing: /home/ugrp2025/cam_ws/install/realsense2_camera_msgs/share/realsense2_camera_msgs/package.xml
[32.248s] Invoked command in '/home/ugrp2025/cam_ws/build/realsense2_camera_msgs' returned '0': CMAKE_PREFIX_PATH=/opt/ros/foxy /usr/bin/cmake --install /home/ugrp2025/cam_ws/build/realsense2_camera_msgs
