[0.081s] Invoking command in '/home/ugrp2025/cam_ws/build/realsense2_camera_msgs': /usr/bin/cmake /home/ugrp2025/cam_ws/src/realsense-ros/realsense2_camera_msgs -DUSE_LIFECYCLE_NODE=ON -DCMAKE_INSTALL_PREFIX=/home/ugrp2025/cam_ws/install/realsense2_camera_msgs
[0.663s] -- The C compiler identification is GNU 9.4.0
[1.017s] -- The CXX compiler identification is GNU 9.4.0
[1.026s] -- Check for working C compiler: /usr/bin/cc
[1.266s] -- Check for working C compiler: /usr/bin/cc -- works
[1.267s] -- Detecting C compiler ABI info
[1.511s] -- Detecting C compiler ABI info - done
[1.545s] -- Detecting C compile features
[1.547s] -- Detecting C compile features - done
[1.552s] -- Check for working CXX compiler: /usr/bin/c++
[1.807s] -- Check for working CXX compiler: /usr/bin/c++ -- works
[1.810s] -- Detecting CXX compiler ABI info
[2.071s] -- Detecting CXX compiler ABI info - done
[2.106s] -- Detecting CXX compile features
[2.107s] -- Detecting CXX compile features - done
[2.131s] CMake Error at CMakeLists.txt:27 (find_package):
[2.131s]   By not providing "Findament_cmake.cmake" in CMAKE_MODULE_PATH this project
[2.132s]   has asked CMake to find a package configuration file provided by
[2.132s]   "ament_cmake", but CMake did not find one.
[2.132s] 
[2.132s]   Could not find a package configuration file provided by "ament_cmake" with
[2.132s]   any of the following names:
[2.132s] 
[2.133s]     ament_cmakeConfig.cmake
[2.133s]     ament_cmake-config.cmake
[2.133s] 
[2.133s]   Add the installation prefix of "ament_cmake" to CMAKE_PREFIX_PATH or set
[2.133s]   "ament_cmake_DIR" to a directory containing one of the above files.  If
[2.133s]   "ament_cmake" provides a separate development package or SDK, be sure it
[2.133s]   has been installed.
[2.134s] 
[2.134s] 
[2.134s] -- Configuring incomplete, errors occurred!
[2.134s] See also "/home/ugrp2025/cam_ws/build/realsense2_camera_msgs/CMakeFiles/CMakeOutput.log".
[2.304s] Invoked command in '/home/ugrp2025/cam_ws/build/realsense2_camera_msgs' returned '1': /usr/bin/cmake /home/ugrp2025/cam_ws/src/realsense-ros/realsense2_camera_msgs -DUSE_LIFECYCLE_NODE=ON -DCMAKE_INSTALL_PREFIX=/home/ugrp2025/cam_ws/install/realsense2_camera_msgs
